TN:
SF:src\App.tsx
FN:55,NavigationRegistrar
FN:65,App
FNF:2
FNH:2
FNDA:6,NavigationRegistrar
FNDA:6,App
DA:1,1
DA:8,1
DA:9,1
DA:10,1
DA:11,1
DA:12,1
DA:13,1
DA:14,1
DA:15,1
DA:16,1
DA:17,1
DA:18,1
DA:19,1
DA:20,1
DA:21,1
DA:22,1
DA:23,1
DA:24,1
DA:25,1
DA:26,1
DA:27,1
DA:28,1
DA:30,1
DA:31,1
DA:33,1
DA:35,1
DA:37,1
DA:38,1
DA:39,1
DA:40,1
DA:41,1
DA:43,1
DA:44,1
DA:46,1
DA:47,1
DA:48,1
DA:49,1
DA:51,1
DA:52,1
DA:55,6
DA:56,6
DA:58,6
DA:59,6
DA:60,6
DA:62,6
DA:63,6
DA:65,6
DA:66,6
DA:67,6
DA:68,6
DA:69,6
DA:70,6
DA:72,6
DA:73,6
DA:74,6
DA:75,6
DA:76,6
DA:77,6
DA:78,6
DA:79,6
DA:80,6
DA:81,6
DA:82,6
DA:83,6
DA:86,6
DA:87,6
DA:90,6
DA:92,6
DA:95,6
DA:96,6
DA:97,6
DA:98,6
DA:99,6
DA:100,6
DA:102,6
DA:103,6
DA:104,6
DA:105,6
DA:106,6
DA:107,6
DA:108,6
DA:110,6
DA:111,6
DA:112,6
DA:113,6
DA:114,6
DA:115,6
DA:116,6
DA:118,6
DA:119,6
DA:120,6
DA:121,6
DA:122,6
DA:123,6
DA:124,6
DA:126,6
DA:127,6
DA:128,6
DA:129,6
DA:130,6
DA:131,6
DA:132,6
DA:134,6
DA:135,6
DA:136,6
DA:137,6
DA:138,6
DA:139,6
DA:140,6
DA:142,6
DA:144,6
DA:145,6
DA:146,6
DA:147,6
DA:148,6
DA:149,6
DA:151,6
DA:152,6
DA:153,6
DA:154,6
DA:155,6
DA:156,6
DA:157,6
DA:159,6
DA:160,6
DA:161,6
DA:162,6
DA:163,6
DA:164,6
DA:165,6
DA:167,6
DA:170,6
DA:171,6
DA:172,6
DA:173,6
DA:174,6
DA:175,6
DA:177,6
DA:180,6
DA:181,6
DA:182,6
DA:183,6
DA:184,6
DA:185,6
DA:187,6
DA:188,6
DA:189,6
DA:190,6
DA:191,6
DA:192,6
DA:193,6
DA:195,6
DA:196,6
DA:197,6
DA:198,6
DA:199,6
DA:200,6
DA:201,6
DA:203,6
DA:204,6
DA:205,6
DA:206,6
DA:207,6
DA:208,6
DA:209,6
DA:211,6
DA:212,6
DA:213,6
DA:214,6
DA:215,6
DA:216,6
DA:217,6
DA:219,6
DA:222,6
DA:223,6
DA:224,6
DA:225,6
DA:226,6
DA:227,6
DA:229,6
DA:230,6
DA:231,6
DA:232,6
DA:233,6
DA:234,6
DA:235,6
DA:237,6
DA:238,6
DA:239,6
DA:240,6
DA:241,6
DA:242,6
DA:243,6
DA:245,6
DA:246,6
DA:247,6
DA:248,6
DA:249,6
DA:250,6
DA:251,6
DA:253,6
DA:256,6
DA:257,6
DA:258,6
DA:259,6
DA:260,6
DA:261,6
DA:263,6
DA:264,6
DA:265,6
DA:266,6
DA:267,6
DA:268,6
DA:269,6
DA:271,6
DA:272,6
DA:273,6
DA:274,6
DA:275,6
DA:276,6
DA:277,6
DA:279,6
DA:280,6
DA:281,6
DA:282,6
DA:283,6
DA:284,6
DA:285,6
DA:287,6
DA:290,6
DA:291,6
DA:292,6
DA:293,6
DA:294,6
DA:295,6
DA:297,6
DA:300,6
DA:301,6
DA:302,6
DA:303,6
DA:304,6
DA:305,6
DA:307,6
DA:308,6
DA:309,6
DA:310,6
DA:311,6
DA:313,6
DA:314,6
DA:316,6
DA:317,6
DA:318,6
DA:319,6
DA:320,6
DA:322,6
DA:324,1
LF:256
LH:256
BRDA:55,0,0,6
BRDA:58,1,0,6
BRDA:65,2,0,6
BRF:3
BRH:3
end_of_record
TN:
SF:src\main.tsx
FNF:0
FNH:0
DA:1,1
DA:2,1
DA:3,1
DA:4,1
DA:5,1
DA:6,1
DA:9,1
DA:12,1
DA:13,1
DA:14,1
DA:15,1
DA:16,1
DA:17,1
DA:18,1
LF:14
LH:14
BRF:0
BRH:0
end_of_record
TN:
SF:src\components\about\AboutPage.tsx
FN:19,AboutPage
FNF:1
FNH:1
FNDA:7,AboutPage
DA:1,1
DA:9,1
DA:16,1
DA:17,1
DA:19,1
DA:20,7
DA:21,7
DA:23,7
DA:24,7
DA:25,7
DA:28,7
DA:29,7
DA:32,7
DA:33,7
DA:34,7
DA:35,7
DA:36,7
DA:37,7
DA:39,7
DA:40,7
DA:41,7
DA:42,7
DA:47,7
DA:48,7
DA:49,7
DA:51,7
DA:52,7
DA:53,7
DA:54,7
DA:56,7
DA:57,7
DA:58,7
DA:59,7
DA:64,7
DA:65,7
DA:66,7
DA:67,7
DA:68,7
DA:71,7
DA:72,7
DA:74,7
DA:75,7
DA:76,7
DA:77,7
DA:78,7
DA:79,7
DA:80,7
DA:81,7
DA:82,7
DA:83,7
DA:84,7
DA:85,7
DA:86,7
DA:88,7
DA:89,7
DA:90,7
DA:91,7
DA:92,7
DA:93,7
DA:94,7
DA:95,7
DA:96,7
DA:97,7
DA:98,7
DA:100,7
DA:101,7
DA:102,7
DA:103,7
DA:104,7
DA:105,7
DA:106,7
DA:107,7
DA:108,7
DA:109,7
DA:110,7
DA:112,7
DA:113,7
DA:114,7
DA:115,7
DA:116,7
DA:117,7
DA:118,7
DA:119,7
DA:120,7
DA:121,7
DA:122,7
DA:123,7
DA:124,7
DA:127,7
DA:128,7
DA:129,7
DA:130,7
DA:131,7
DA:136,7
DA:137,7
DA:143,7
DA:144,7
DA:150,7
DA:151,7
DA:152,7
DA:153,7
DA:156,7
DA:157,7
DA:159,7
DA:160,7
DA:161,7
DA:162,7
DA:163,7
DA:164,7
DA:165,7
DA:166,7
DA:167,7
DA:168,7
DA:169,7
DA:170,7
DA:171,7
DA:172,7
DA:173,7
DA:174,7
DA:175,7
DA:176,7
DA:177,7
DA:178,7
DA:179,7
DA:180,7
DA:181,7
DA:182,7
DA:183,7
DA:184,7
DA:185,7
DA:186,7
DA:187,7
DA:188,7
DA:189,7
DA:190,7
DA:191,7
DA:192,7
DA:193,28
DA:194,28
DA:195,28
DA:196,28
DA:197,28
DA:199,28
DA:200,28
DA:201,28
DA:202,28
DA:203,28
DA:204,28
DA:205,28
DA:206,28
DA:207,28
DA:208,28
DA:209,28
DA:210,28
DA:211,28
DA:212,28
DA:213,28
DA:214,28
DA:215,7
DA:216,7
DA:217,7
DA:220,7
DA:221,7
DA:223,7
DA:224,7
DA:225,7
DA:226,7
DA:227,7
DA:228,7
DA:229,7
DA:230,7
DA:231,7
DA:232,7
DA:233,7
DA:234,7
DA:235,7
DA:236,7
DA:237,7
DA:238,7
DA:239,7
DA:240,7
DA:241,7
DA:242,7
DA:243,7
DA:244,7
DA:245,7
DA:246,7
DA:247,7
DA:248,7
DA:249,7
DA:250,7
DA:251,7
DA:252,7
DA:253,7
DA:254,7
DA:255,7
DA:256,7
DA:257,7
DA:258,7
DA:259,7
DA:260,7
DA:261,7
DA:262,7
DA:263,42
DA:264,42
DA:265,42
DA:266,42
DA:267,42
DA:268,42
DA:269,42
DA:270,42
DA:271,42
DA:272,42
DA:273,42
DA:274,42
DA:275,42
DA:276,7
DA:277,7
DA:278,7
DA:281,7
DA:282,7
DA:283,7
DA:284,7
DA:285,7
DA:286,7
DA:288,7
LF:226
LH:226
BRDA:19,0,0,7
BRDA:192,1,0,28
BRDA:262,2,0,42
BRF:3
BRH:3
end_of_record
TN:
SF:src\components\admin\AdminDashboard.tsx
FN:17,AdminDashboard
FNF:1
FNH:1
FNDA:18,AdminDashboard
DA:1,1
DA:7,1
DA:15,1
DA:17,1
DA:18,18
DA:19,18
DA:20,18
DA:21,18
DA:22,18
DA:23,18
DA:24,18
DA:25,18
DA:26,18
DA:27,18
DA:28,18
DA:29,18
DA:30,18
DA:31,18
DA:32,18
DA:33,18
DA:34,18
DA:35,18
DA:36,18
DA:37,18
DA:38,18
DA:39,18
DA:40,18
DA:41,18
DA:42,18
DA:43,18
DA:44,18
DA:45,18
DA:46,18
DA:47,18
DA:48,18
DA:49,18
DA:50,18
DA:51,18
DA:52,18
DA:53,18
DA:54,18
DA:55,18
DA:56,18
DA:57,18
DA:58,18
DA:59,18
DA:60,18
DA:61,18
DA:63,18
DA:64,18
DA:65,18
DA:66,18
DA:67,18
DA:68,108
DA:69,108
DA:70,108
DA:71,108
DA:72,108
DA:73,108
DA:74,108
DA:75,108
DA:76,108
DA:77,108
DA:78,108
DA:79,108
DA:80,108
DA:81,108
DA:82,108
DA:83,18
DA:84,18
DA:85,18
DA:87,18
LF:72
LH:72
BRDA:17,0,0,18
BRDA:67,1,0,108
BRF:2
BRH:2
end_of_record
TN:
SF:src\components\admin\AdminNavigationComponent.tsx
FN:1,(empty-report)
FNF:1
FNH:0
FNDA:0,(empty-report)
DA:1,0
DA:2,0
DA:3,0
DA:13,0
DA:14,0
DA:23,0
DA:24,0
DA:25,0
DA:26,0
DA:28,0
DA:29,0
DA:30,0
DA:31,0
DA:32,0
DA:33,0
DA:34,0
DA:35,0
DA:36,0
DA:37,0
DA:38,0
DA:39,0
DA:40,0
DA:41,0
DA:42,0
DA:43,0
DA:44,0
DA:45,0
DA:46,0
DA:47,0
DA:48,0
DA:49,0
DA:50,0
DA:51,0
DA:52,0
DA:53,0
DA:54,0
DA:55,0
DA:56,0
DA:57,0
DA:58,0
DA:59,0
DA:60,0
DA:61,0
DA:62,0
DA:63,0
DA:64,0
DA:65,0
DA:66,0
DA:67,0
DA:68,0
DA:69,0
DA:70,0
DA:71,0
DA:74,0
DA:75,0
DA:77,0
DA:78,0
DA:79,0
DA:80,0
DA:81,0
DA:82,0
DA:83,0
DA:84,0
DA:85,0
DA:89,0
DA:90,0
DA:91,0
DA:93,0
DA:94,0
DA:95,0
DA:97,0
DA:98,0
DA:99,0
DA:100,0
DA:102,0
DA:103,0
DA:104,0
DA:105,0
DA:106,0
DA:107,0
DA:108,0
DA:109,0
DA:110,0
DA:111,0
DA:114,0
DA:115,0
DA:116,0
DA:117,0
DA:120,0
DA:121,0
DA:122,0
DA:124,0
DA:125,0
DA:126,0
DA:127,0
DA:128,0
DA:129,0
DA:131,0
LF:98
LH:0
BRDA:1,0,0,0
BRF:1
BRH:0
end_of_record
TN:
SF:src\components\admin\authors\AuthorsList.tsx
FN:38,AuthorsList
FN:45,fetchAuthors
FN:61,handleEdit
FN:65,handleView
FN:69,handleDelete
FN:86,handleAddAuthor
FN:91,formatDate
FN:184,onClick
FN:190,onClick
FN:196,onClick
FNF:10
FNH:4
FNDA:15,AuthorsList
FNDA:11,fetchAuthors
FNDA:0,handleEdit
FNDA:0,handleView
FNDA:0,handleDelete
FNDA:1,handleAddAuthor
FNDA:4,formatDate
FNDA:0,onClick
FNDA:0,onClick
FNDA:0,onClick
DA:1,1
DA:2,1
DA:9,1
DA:15,1
DA:23,1
DA:24,1
DA:25,1
DA:34,1
DA:35,1
DA:36,1
DA:38,1
DA:39,15
DA:40,15
DA:41,15
DA:42,15
DA:44,15
DA:45,11
DA:46,11
DA:47,11
DA:48,11
DA:49,9
DA:50,9
DA:51,11
DA:52,1
DA:53,1
DA:54,1
DA:55,1
DA:56,11
DA:58,11
DA:59,15
DA:61,15
DA:62,0
DA:63,0
DA:65,15
DA:66,0
DA:67,0
DA:69,15
DA:70,0
DA:71,0
DA:72,0
DA:73,0
DA:74,0
DA:75,0
DA:76,0
DA:77,0
DA:78,0
DA:79,0
DA:80,0
DA:81,0
DA:82,0
DA:83,0
DA:84,0
DA:86,15
DA:87,1
DA:88,1
DA:91,15
DA:92,4
DA:94,3
DA:95,4
DA:96,4
DA:98,15
DA:99,11
DA:100,11
DA:101,11
DA:102,11
DA:103,11
DA:105,11
DA:107,9
DA:108,1
DA:109,1
DA:110,1
DA:111,1
DA:113,1
DA:115,3
DA:116,3
DA:117,3
DA:118,3
DA:119,3
DA:120,3
DA:122,3
DA:123,3
DA:124,3
DA:125,3
DA:127,3
DA:128,3
DA:129,3
DA:130,3
DA:131,2
DA:132,2
DA:133,2
DA:135,1
DA:136,1
DA:137,1
DA:138,1
DA:139,1
DA:140,1
DA:141,1
DA:142,1
DA:143,1
DA:144,1
DA:145,1
DA:146,1
DA:147,1
DA:148,1
DA:149,1
DA:150,2
DA:151,2
DA:152,2
DA:153,2
DA:154,1
DA:155,1
DA:156,1
DA:157,1
DA:158,1
DA:160,1
DA:161,1
DA:162,1
DA:164,2
DA:165,2
DA:166,2
DA:167,2
DA:168,2
DA:169,2
DA:170,2
DA:171,2
DA:172,2
DA:173,2
DA:174,2
DA:175,2
DA:176,2
DA:177,2
DA:178,2
DA:179,2
DA:180,2
DA:181,2
DA:182,2
DA:183,2
DA:184,2
DA:186,2
DA:188,2
DA:189,2
DA:190,2
DA:192,2
DA:194,2
DA:195,2
DA:196,2
DA:198,2
DA:200,2
DA:201,2
DA:202,2
DA:203,2
DA:204,2
DA:205,1
DA:206,1
DA:207,1
DA:208,1
DA:210,15
DA:211,15
DA:213,15
LF:159
LH:140
BRDA:38,0,0,15
BRDA:98,1,0,11
BRDA:105,2,0,9
BRDA:105,3,0,4
BRDA:107,4,0,1
BRDA:113,5,0,3
BRDA:130,6,0,2
BRDA:133,7,0,1
BRDA:44,8,0,11
BRDA:45,9,0,11
BRDA:48,10,0,9
BRDA:51,11,0,1
BRDA:86,12,0,1
BRDA:91,13,0,4
BRDA:92,14,0,1
BRDA:92,15,0,3
BRDA:95,16,0,0
BRDA:149,17,0,2
BRDA:153,18,0,1
BRDA:158,19,0,1
BRDA:169,20,0,1
BRF:21
BRH:20
end_of_record
TN:
SF:src\components\admin\authors\CreateAuthor.tsx
FN:45,CreateAuthor
FN:62,onSubmit
FN:133,render
FN:147,render
FN:161,render
FN:179,render
FN:200,onClick
FNF:7
FNH:7
FNDA:13,CreateAuthor
FNDA:2,onSubmit
FNDA:16,render
FNDA:13,render
FNDA:13,render
FNDA:13,render
FNDA:1,onClick
DA:1,1
DA:2,1
DA:3,1
DA:11,1
DA:19,1
DA:20,1
DA:21,1
DA:22,1
DA:23,1
DA:24,1
DA:25,1
DA:26,1
DA:27,1
DA:28,1
DA:31,1
DA:32,1
DA:33,1
DA:34,1
DA:35,1
DA:36,1
DA:37,1
DA:38,1
DA:39,1
DA:40,1
DA:45,1
DA:46,13
DA:47,13
DA:48,13
DA:49,13
DA:52,13
DA:53,13
DA:54,13
DA:55,13
DA:56,13
DA:57,13
DA:58,13
DA:59,13
DA:60,13
DA:62,13
DA:63,2
DA:64,2
DA:65,2
DA:68,2
DA:69,2
DA:70,2
DA:71,2
DA:72,2
DA:73,2
DA:76,2
DA:78,1
DA:79,1
DA:80,1
DA:83,1
DA:86,1
DA:87,0
DA:88,1
DA:89,1
DA:90,1
DA:91,1
DA:92,1
DA:93,1
DA:94,1
DA:95,1
DA:96,1
DA:97,2
DA:99,13
DA:100,13
DA:101,13
DA:102,13
DA:103,13
DA:104,13
DA:106,13
DA:107,13
DA:109,13
DA:110,1
DA:111,1
DA:112,1
DA:113,1
DA:115,1
DA:116,1
DA:117,1
DA:119,12
DA:120,12
DA:121,12
DA:122,12
DA:123,1
DA:124,1
DA:125,1
DA:126,1
DA:127,1
DA:130,12
DA:131,12
DA:132,12
DA:133,12
DA:134,16
DA:135,16
DA:136,16
DA:137,16
DA:138,16
DA:139,16
DA:140,16
DA:142,12
DA:144,12
DA:145,12
DA:146,12
DA:147,12
DA:148,13
DA:149,13
DA:150,13
DA:151,13
DA:152,13
DA:153,13
DA:154,13
DA:156,12
DA:158,12
DA:159,12
DA:160,12
DA:161,12
DA:162,13
DA:163,13
DA:164,13
DA:165,13
DA:166,13
DA:167,13
DA:168,13
DA:169,13
DA:170,13
DA:171,13
DA:172,13
DA:174,12
DA:176,12
DA:177,12
DA:178,12
DA:179,12
DA:180,13
DA:181,13
DA:182,13
DA:183,13
DA:184,13
DA:185,13
DA:186,13
DA:187,13
DA:188,13
DA:189,13
DA:190,13
DA:191,13
DA:193,12
DA:194,12
DA:196,12
DA:197,12
DA:198,12
DA:199,12
DA:200,12
DA:201,12
DA:203,12
DA:204,12
DA:205,12
DA:206,0
DA:207,0
DA:209,0
DA:211,12
DA:213,12
DA:214,12
DA:215,12
DA:216,12
DA:218,13
DA:219,13
DA:221,13
LF:168
LH:164
BRDA:45,0,0,13
BRDA:109,1,0,1
BRDA:117,2,0,12
BRDA:122,3,0,1
BRDA:205,4,0,0
BRDA:62,5,0,2
BRDA:76,6,0,1
BRDA:93,7,0,0
BRDA:133,8,0,16
BRDA:147,9,0,13
BRDA:161,10,0,13
BRDA:179,11,0,13
BRDA:200,12,0,1
BRF:13
BRH:11
end_of_record
TN:
SF:src\components\admin\authors\EditAuthor.tsx
FN:48,EditAuthor
FN:69,fetchAuthor
FN:104,onSubmit
FN:176,render
FN:190,render
FN:204,render
FN:222,render
FN:243,onClick
FNF:8
FNH:6
FNDA:9,EditAuthor
FNDA:7,fetchAuthor
FNDA:0,onSubmit
FNDA:10,render
FNDA:8,render
FNDA:8,render
FNDA:8,render
FNDA:0,onClick
DA:1,1
DA:2,1
DA:3,1
DA:11,1
DA:19,1
DA:20,1
DA:21,1
DA:25,1
DA:26,1
DA:27,1
DA:28,1
DA:29,1
DA:30,1
DA:31,1
DA:34,1
DA:35,1
DA:36,1
DA:37,1
DA:38,1
DA:39,1
DA:40,1
DA:41,1
DA:42,1
DA:43,1
DA:48,1
DA:49,9
DA:50,9
DA:51,9
DA:52,9
DA:53,9
DA:54,9
DA:57,9
DA:58,9
DA:59,9
DA:60,9
DA:61,9
DA:62,9
DA:63,9
DA:64,9
DA:65,9
DA:68,9
DA:69,7
DA:70,7
DA:72,1
DA:73,1
DA:74,1
DA:75,1
DA:78,1
DA:79,1
DA:80,0
DA:83,7
DA:84,7
DA:85,7
DA:86,7
DA:87,7
DA:88,7
DA:90,7
DA:91,7
DA:92,0
DA:93,0
DA:94,0
DA:95,0
DA:96,0
DA:97,0
DA:98,0
DA:99,7
DA:101,7
DA:102,9
DA:104,9
DA:105,0
DA:107,0
DA:108,0
DA:109,0
DA:112,0
DA:113,0
DA:114,0
DA:115,0
DA:116,0
DA:117,0
DA:120,0
DA:122,0
DA:123,0
DA:126,0
DA:127,0
DA:128,0
DA:129,0
DA:130,0
DA:131,0
DA:132,0
DA:133,0
DA:134,0
DA:135,0
DA:137,9
DA:138,1
DA:139,1
DA:140,1
DA:141,1
DA:142,1
DA:144,1
DA:146,9
DA:147,0
DA:148,0
DA:149,0
DA:150,0
DA:152,0
DA:154,8
DA:155,8
DA:156,8
DA:157,8
DA:158,8
DA:159,8
DA:160,8
DA:162,8
DA:163,8
DA:164,8
DA:165,8
DA:166,0
DA:167,0
DA:168,0
DA:169,0
DA:170,0
DA:173,9
DA:174,9
DA:175,9
DA:176,9
DA:177,10
DA:178,10
DA:179,10
DA:180,10
DA:181,10
DA:182,10
DA:183,10
DA:185,9
DA:187,9
DA:188,9
DA:189,9
DA:190,9
DA:191,8
DA:192,8
DA:193,8
DA:194,8
DA:195,8
DA:196,8
DA:197,8
DA:199,9
DA:201,9
DA:202,9
DA:203,9
DA:204,9
DA:205,8
DA:206,8
DA:207,8
DA:208,8
DA:209,8
DA:210,8
DA:211,8
DA:212,8
DA:213,8
DA:214,8
DA:215,8
DA:217,9
DA:219,9
DA:220,9
DA:221,9
DA:222,9
DA:223,8
DA:224,8
DA:225,8
DA:226,8
DA:227,8
DA:228,8
DA:229,8
DA:230,8
DA:231,8
DA:232,8
DA:233,8
DA:234,8
DA:236,9
DA:237,9
DA:239,9
DA:240,9
DA:241,9
DA:242,9
DA:243,9
DA:244,9
DA:246,9
DA:247,9
DA:248,9
DA:249,0
DA:250,0
DA:252,0
DA:254,8
DA:256,9
DA:257,9
DA:258,9
DA:259,9
DA:260,9
DA:261,9
DA:263,9
LF:199
LH:155
BRDA:48,0,0,9
BRDA:137,1,0,1
BRDA:144,2,0,8
BRDA:146,3,0,0
BRDA:146,4,0,0
BRDA:152,5,0,8
BRDA:165,6,0,0
BRDA:248,7,0,0
BRDA:252,8,0,8
BRDA:68,9,0,7
BRDA:69,10,0,7
BRDA:70,11,0,6
BRDA:70,12,0,1
BRDA:79,13,0,0
BRDA:85,14,0,0
BRDA:87,15,0,0
BRDA:91,16,0,0
BRDA:176,17,0,10
BRDA:190,18,0,8
BRDA:204,19,0,8
BRDA:211,20,0,7
BRDA:222,21,0,8
BRDA:230,22,0,7
BRF:23
BRH:15
end_of_record
TN:
SF:src\components\admin\authors\ViewAuthor.tsx
FN:33,ViewAuthor
FN:42,fetchAuthor
FN:64,handleEdit
FN:68,handleDelete
FN:90,handleViewBook
FN:263,onClick
FN:276,onClick
FNF:7
FNH:4
FNDA:17,ViewAuthor
FNDA:12,fetchAuthor
FNDA:1,handleEdit
FNDA:0,handleDelete
FNDA:0,handleViewBook
FNDA:0,onClick
FNDA:1,onClick
DA:1,1
DA:2,1
DA:10,1
DA:18,1
DA:19,1
DA:20,1
DA:29,1
DA:30,1
DA:31,1
DA:33,1
DA:34,17
DA:35,17
DA:36,17
DA:37,17
DA:38,17
DA:39,17
DA:41,17
DA:42,12
DA:43,12
DA:44,12
DA:46,6
DA:47,6
DA:48,4
DA:49,4
DA:50,4
DA:51,6
DA:52,1
DA:53,1
DA:54,1
DA:55,1
DA:56,1
DA:57,1
DA:58,1
DA:59,12
DA:61,12
DA:62,17
DA:64,17
DA:65,1
DA:66,1
DA:68,17
DA:69,0
DA:71,0
DA:72,0
DA:73,0
DA:74,0
DA:75,0
DA:76,0
DA:77,0
DA:78,0
DA:79,0
DA:80,0
DA:81,0
DA:82,0
DA:83,0
DA:84,0
DA:85,0
DA:86,0
DA:87,0
DA:88,0
DA:90,17
DA:91,0
DA:92,0
DA:94,17
DA:95,12
DA:96,12
DA:97,12
DA:98,12
DA:99,12
DA:101,12
DA:103,11
DA:104,1
DA:105,1
DA:106,1
DA:107,1
DA:109,1
DA:111,11
DA:112,1
DA:113,1
DA:114,1
DA:115,1
DA:117,1
DA:119,3
DA:120,3
DA:121,3
DA:122,3
DA:123,3
DA:124,3
DA:125,3
DA:126,3
DA:127,3
DA:128,3
DA:129,3
DA:130,3
DA:132,3
DA:133,3
DA:134,3
DA:136,3
DA:137,3
DA:138,3
DA:139,3
DA:140,3
DA:141,3
DA:143,3
DA:144,3
DA:145,3
DA:146,3
DA:147,3
DA:148,3
DA:149,3
DA:151,0
DA:152,0
DA:153,0
DA:155,17
DA:158,17
DA:159,17
DA:160,17
DA:162,17
DA:163,17
DA:164,17
DA:165,17
DA:166,17
DA:168,17
DA:169,17
DA:170,17
DA:171,3
DA:172,0
DA:173,17
DA:174,17
DA:175,17
DA:176,17
DA:177,17
DA:179,17
DA:180,17
DA:181,17
DA:182,17
DA:183,17
DA:185,17
DA:186,3
DA:187,3
DA:189,3
DA:190,3
DA:191,3
DA:192,3
DA:193,3
DA:196,17
DA:197,17
DA:199,17
DA:200,17
DA:201,17
DA:202,17
DA:203,17
DA:205,17
DA:206,17
DA:207,17
DA:208,17
DA:209,17
DA:210,17
DA:211,17
DA:212,17
DA:214,17
DA:215,17
DA:216,17
DA:217,17
DA:218,17
DA:219,17
DA:220,17
DA:221,17
DA:222,17
DA:225,17
DA:226,1
DA:227,1
DA:228,1
DA:229,1
DA:230,1
DA:231,1
DA:232,1
DA:233,1
DA:234,1
DA:235,1
DA:236,1
DA:237,1
DA:238,1
DA:239,1
DA:240,1
DA:241,1
DA:242,1
DA:243,0
DA:244,0
DA:245,0
DA:246,0
DA:247,0
DA:249,1
DA:250,1
DA:251,1
DA:253,1
DA:254,1
DA:255,1
DA:256,1
DA:257,1
DA:258,1
DA:259,1
DA:260,1
DA:261,1
DA:262,1
DA:263,1
DA:264,1
DA:266,1
DA:267,1
DA:268,1
DA:269,1
DA:270,1
DA:271,1
DA:272,1
DA:274,17
DA:275,17
DA:276,17
DA:278,17
DA:279,17
DA:280,17
DA:281,17
DA:283,17
LF:221
LH:191
BRDA:33,0,0,17
BRDA:94,1,0,12
BRDA:101,2,0,11
BRDA:101,3,0,5
BRDA:103,4,0,1
BRDA:109,5,0,4
BRDA:111,6,0,1
BRDA:117,7,0,3
BRDA:149,8,0,0
BRDA:170,9,0,3
BRDA:171,10,0,0
BRDA:185,11,0,3
BRDA:225,12,0,1
BRDA:41,13,0,12
BRDA:42,14,0,12
BRDA:44,15,0,6
BRDA:47,16,0,4
BRDA:51,17,0,1
BRDA:55,18,0,0
BRDA:64,19,0,1
BRDA:239,20,0,1
BRDA:242,21,0,0
BRDA:257,22,0,0
BRDA:258,23,0,0
BRDA:276,24,0,1
BRF:25
BRH:19
end_of_record
TN:
SF:src\components\admin\books\BooksList.tsx
FN:36,BooksList
FN:43,fetchBooks
FN:59,handleEdit
FN:63,handleView
FN:67,handleDelete
FN:84,handleAddBook
FN:172,onClick
FN:176,onClick
FN:181,onClick
FNF:9
FNH:3
FNDA:15,BooksList
FNDA:11,fetchBooks
FNDA:0,handleEdit
FNDA:0,handleView
FNDA:0,handleDelete
FNDA:1,handleAddBook
FNDA:0,onClick
FNDA:0,onClick
FNDA:0,onClick
DA:1,1
DA:2,1
DA:9,1
DA:15,1
DA:23,1
DA:24,1
DA:32,1
DA:33,1
DA:34,1
DA:36,1
DA:37,15
DA:38,15
DA:39,15
DA:40,15
DA:42,15
DA:43,11
DA:44,11
DA:45,11
DA:46,11
DA:47,9
DA:48,9
DA:49,11
DA:50,1
DA:51,1
DA:52,1
DA:53,1
DA:54,11
DA:56,11
DA:57,15
DA:59,15
DA:60,0
DA:61,0
DA:63,15
DA:64,0
DA:65,0
DA:67,15
DA:68,0
DA:69,0
DA:70,0
DA:71,0
DA:72,0
DA:73,0
DA:74,0
DA:75,0
DA:76,0
DA:77,0
DA:78,0
DA:79,0
DA:80,0
DA:81,0
DA:82,0
DA:84,15
DA:85,1
DA:86,1
DA:88,15
DA:89,11
DA:90,11
DA:91,11
DA:92,11
DA:93,11
DA:95,11
DA:97,9
DA:98,1
DA:99,1
DA:100,1
DA:101,1
DA:103,1
DA:105,3
DA:106,3
DA:107,3
DA:108,3
DA:109,3
DA:110,3
DA:111,3
DA:112,3
DA:113,3
DA:114,3
DA:116,3
DA:117,3
DA:118,3
DA:119,3
DA:120,3
DA:121,2
DA:122,2
DA:123,2
DA:125,1
DA:126,1
DA:127,1
DA:128,1
DA:129,1
DA:130,1
DA:131,1
DA:132,1
DA:133,1
DA:134,1
DA:135,1
DA:136,1
DA:137,1
DA:138,1
DA:139,1
DA:140,2
DA:141,2
DA:142,2
DA:143,2
DA:144,1
DA:145,1
DA:146,1
DA:147,1
DA:148,1
DA:150,1
DA:151,1
DA:152,1
DA:154,2
DA:155,2
DA:156,2
DA:157,2
DA:158,2
DA:159,0
DA:160,2
DA:161,2
DA:162,2
DA:163,2
DA:164,2
DA:165,2
DA:166,2
DA:167,2
DA:168,2
DA:169,2
DA:170,2
DA:171,2
DA:172,2
DA:173,2
DA:175,2
DA:176,2
DA:177,2
DA:179,2
DA:180,2
DA:181,2
DA:183,2
DA:185,2
DA:186,2
DA:187,2
DA:188,2
DA:189,2
DA:190,1
DA:191,1
DA:192,1
DA:193,1
DA:195,15
DA:196,15
DA:198,15
LF:151
LH:131
BRDA:36,0,0,15
BRDA:88,1,0,11
BRDA:95,2,0,9
BRDA:95,3,0,4
BRDA:97,4,0,1
BRDA:103,5,0,3
BRDA:120,6,0,2
BRDA:123,7,0,1
BRDA:42,8,0,11
BRDA:43,9,0,11
BRDA:46,10,0,9
BRDA:49,11,0,1
BRDA:84,12,0,1
BRDA:139,13,0,2
BRDA:143,14,0,1
BRDA:148,15,0,1
BRDA:158,16,0,0
BRDA:161,17,0,0
BRDA:162,18,0,0
BRDA:158,19,0,2
BRF:20
BRH:17
end_of_record
TN:
SF:src\components\admin\books\ViewBook.tsx
FN:25,ViewBook
FN:33,fetchBook
FN:54,handleEdit
FN:58,handleDelete
FN:218,onClick
FNF:5
FNH:4
FNDA:17,ViewBook
FNDA:12,fetchBook
FNDA:1,handleEdit
FNDA:0,handleDelete
FNDA:1,onClick
DA:1,1
DA:2,1
DA:10,1
DA:11,1
DA:12,1
DA:21,1
DA:22,1
DA:23,1
DA:25,1
DA:26,17
DA:27,17
DA:28,17
DA:29,17
DA:30,17
DA:32,17
DA:33,12
DA:34,12
DA:35,12
DA:37,6
DA:38,6
DA:39,4
DA:40,4
DA:41,6
DA:42,1
DA:43,1
DA:44,1
DA:45,1
DA:46,1
DA:47,1
DA:48,1
DA:49,12
DA:51,12
DA:52,17
DA:54,17
DA:55,1
DA:56,1
DA:58,17
DA:59,0
DA:61,0
DA:62,0
DA:63,0
DA:64,0
DA:65,0
DA:66,0
DA:67,0
DA:68,0
DA:69,0
DA:70,0
DA:71,0
DA:72,0
DA:73,0
DA:74,0
DA:75,0
DA:76,0
DA:77,0
DA:78,0
DA:80,17
DA:81,12
DA:82,12
DA:83,12
DA:84,12
DA:85,12
DA:87,12
DA:89,11
DA:90,1
DA:91,1
DA:92,1
DA:93,1
DA:95,1
DA:97,11
DA:98,1
DA:99,1
DA:100,1
DA:101,1
DA:103,1
DA:105,3
DA:106,3
DA:107,3
DA:108,3
DA:109,3
DA:110,3
DA:111,3
DA:112,3
DA:113,3
DA:114,3
DA:115,3
DA:116,3
DA:118,3
DA:119,3
DA:120,3
DA:122,3
DA:123,3
DA:124,3
DA:125,3
DA:126,3
DA:127,3
DA:129,3
DA:130,3
DA:131,0
DA:132,0
DA:133,0
DA:134,0
DA:135,0
DA:137,3
DA:138,3
DA:139,3
DA:141,17
DA:144,17
DA:145,17
DA:146,17
DA:148,17
DA:149,17
DA:150,17
DA:151,17
DA:152,17
DA:154,17
DA:155,17
DA:156,17
DA:157,17
DA:158,17
DA:159,17
DA:161,17
DA:162,17
DA:163,17
DA:164,17
DA:165,17
DA:166,17
DA:168,17
DA:169,17
DA:170,17
DA:171,3
DA:172,0
DA:173,17
DA:174,17
DA:175,17
DA:176,17
DA:178,17
DA:179,17
DA:181,17
DA:182,17
DA:183,17
DA:184,17
DA:185,17
DA:186,17
DA:187,17
DA:189,17
DA:190,17
DA:192,17
DA:193,17
DA:194,17
DA:195,17
DA:196,17
DA:198,17
DA:199,17
DA:200,17
DA:201,17
DA:202,17
DA:203,17
DA:204,17
DA:205,17
DA:207,17
DA:208,17
DA:209,17
DA:210,17
DA:211,17
DA:212,17
DA:213,17
DA:214,17
DA:215,17
DA:216,17
DA:217,17
DA:218,17
DA:220,17
DA:221,17
DA:222,17
DA:223,17
DA:225,17
LF:177
LH:152
BRDA:25,0,0,17
BRDA:80,1,0,12
BRDA:87,2,0,11
BRDA:87,3,0,5
BRDA:89,4,0,1
BRDA:95,5,0,4
BRDA:97,6,0,1
BRDA:103,7,0,3
BRDA:130,8,0,0
BRDA:135,9,0,3
BRDA:155,10,0,0
BRDA:162,11,0,0
BRDA:170,12,0,3
BRDA:170,13,0,3
BRDA:171,14,0,0
BRDA:184,15,0,0
BRDA:32,16,0,12
BRDA:33,17,0,12
BRDA:35,18,0,6
BRDA:38,19,0,4
BRDA:41,20,0,1
BRDA:45,21,0,0
BRDA:54,22,0,1
BRDA:171,23,0,3
BRDA:218,24,0,1
BRF:25
BRH:19
end_of_record
TN:
SF:src\components\admin\reviews\ReviewsList.tsx
FN:31,ReviewsList
FN:38,fetchReviews
FN:54,handleDelete
FN:71,handleViewBook
FN:92,truncateText
FN:132,onClick
FN:161,onClick
FN:167,onClick
FNF:8
FNH:5
FNDA:15,ReviewsList
FNDA:11,fetchReviews
FNDA:0,handleDelete
FNDA:1,handleViewBook
FNDA:4,truncateText
FNDA:1,onClick
FNDA:0,onClick
FNDA:0,onClick
DA:1,1
DA:2,1
DA:9,1
DA:15,1
DA:16,1
DA:24,1
DA:25,1
DA:26,1
DA:27,1
DA:28,1
DA:29,1
DA:31,1
DA:32,15
DA:33,15
DA:34,15
DA:35,15
DA:37,15
DA:38,11
DA:39,11
DA:40,11
DA:41,11
DA:42,9
DA:43,9
DA:44,11
DA:45,1
DA:46,1
DA:47,1
DA:48,1
DA:49,11
DA:51,11
DA:52,15
DA:54,15
DA:55,0
DA:56,0
DA:57,0
DA:58,0
DA:59,0
DA:60,0
DA:61,0
DA:62,0
DA:63,0
DA:64,0
DA:65,0
DA:66,0
DA:67,0
DA:68,0
DA:69,0
DA:71,15
DA:72,1
DA:73,1
DA:75,15
DA:76,11
DA:77,11
DA:78,11
DA:79,11
DA:80,11
DA:82,11
DA:84,9
DA:85,1
DA:86,1
DA:87,1
DA:88,1
DA:90,1
DA:92,3
DA:93,4
DA:94,0
DA:95,4
DA:97,3
DA:98,3
DA:99,3
DA:100,3
DA:101,3
DA:102,3
DA:103,3
DA:104,3
DA:105,3
DA:106,3
DA:107,1
DA:108,1
DA:109,1
DA:111,2
DA:112,2
DA:113,2
DA:114,2
DA:115,2
DA:116,2
DA:117,2
DA:118,2
DA:119,2
DA:120,2
DA:121,2
DA:122,2
DA:123,2
DA:124,2
DA:125,2
DA:126,4
DA:127,4
DA:128,4
DA:129,4
DA:130,4
DA:131,4
DA:132,4
DA:134,4
DA:135,4
DA:136,4
DA:137,4
DA:138,4
DA:139,4
DA:140,4
DA:141,4
DA:142,4
DA:143,4
DA:144,4
DA:145,4
DA:146,4
DA:147,4
DA:148,4
DA:149,4
DA:150,4
DA:151,4
DA:152,4
DA:153,4
DA:154,4
DA:155,4
DA:156,4
DA:157,4
DA:158,4
DA:159,4
DA:160,4
DA:161,4
DA:163,4
DA:165,4
DA:166,4
DA:167,4
DA:169,4
DA:171,4
DA:172,4
DA:173,4
DA:174,4
DA:175,4
DA:176,2
DA:177,2
DA:178,2
DA:179,2
DA:181,15
DA:182,15
DA:184,15
LF:147
LH:131
BRDA:31,0,0,15
BRDA:75,1,0,11
BRDA:82,2,0,9
BRDA:82,3,0,4
BRDA:84,4,0,1
BRDA:90,5,0,3
BRDA:106,6,0,1
BRDA:109,7,0,2
BRDA:37,8,0,11
BRDA:38,9,0,11
BRDA:41,10,0,9
BRDA:44,11,0,1
BRDA:71,12,0,1
BRDA:92,13,0,4
BRDA:93,14,0,0
BRDA:125,15,0,4
BRDA:135,16,0,0
BRDA:141,17,0,0
BRDA:132,18,0,1
BRF:19
BRH:16
end_of_record
TN:
SF:src\components\admin\users\ChangeUserPassword.tsx
FN:37,__vite_ssr_import_12__.object.refine.message
FN:44,ChangeUserPassword
FN:63,fetchUser
FN:91,onSubmit
FN:170,render
FN:195,render
FN:221,onClick
FNF:7
FNH:7
FNDA:6,__vite_ssr_import_12__.object.refine.message
FNDA:23,ChangeUserPassword
FNDA:13,fetchUser
FNDA:2,onSubmit
FNDA:11,render
FNDA:11,render
FNDA:1,onClick
DA:1,1
DA:2,1
DA:3,1
DA:11,1
DA:18,1
DA:19,1
DA:20,1
DA:21,1
DA:22,1
DA:23,1
DA:24,1
DA:25,1
DA:28,1
DA:29,1
DA:30,1
DA:31,1
DA:32,1
DA:33,1
DA:34,1
DA:35,1
DA:36,1
DA:37,1
DA:38,1
DA:39,1
DA:40,1
DA:44,1
DA:45,23
DA:46,23
DA:47,23
DA:48,23
DA:49,23
DA:50,23
DA:51,23
DA:53,23
DA:54,23
DA:55,23
DA:56,23
DA:57,23
DA:58,23
DA:59,23
DA:62,23
DA:63,13
DA:64,13
DA:65,13
DA:67,7
DA:68,6
DA:69,6
DA:70,7
DA:71,0
DA:72,0
DA:73,0
DA:74,0
DA:75,0
DA:76,0
DA:77,0
DA:78,0
DA:79,0
DA:80,0
DA:81,0
DA:82,0
DA:83,0
DA:84,0
DA:85,0
DA:86,13
DA:88,13
DA:89,23
DA:91,23
DA:92,2
DA:93,2
DA:95,2
DA:96,2
DA:98,2
DA:100,1
DA:101,1
DA:102,1
DA:105,1
DA:106,0
DA:107,1
DA:108,1
DA:109,1
DA:110,1
DA:111,1
DA:112,1
DA:113,1
DA:114,1
DA:115,1
DA:116,1
DA:117,1
DA:118,1
DA:119,1
DA:120,1
DA:121,0
DA:122,1
DA:123,1
DA:124,2
DA:126,23
DA:127,13
DA:128,13
DA:129,13
DA:130,13
DA:131,13
DA:133,13
DA:135,23
DA:136,1
DA:137,1
DA:138,1
DA:139,1
DA:141,1
DA:143,9
DA:144,9
DA:145,9
DA:146,23
DA:147,23
DA:148,23
DA:149,23
DA:150,23
DA:151,1
DA:152,1
DA:153,1
DA:155,1
DA:156,1
DA:157,8
DA:158,1
DA:159,1
DA:160,1
DA:161,1
DA:162,1
DA:163,7
DA:165,23
DA:166,23
DA:167,23
DA:168,23
DA:169,23
DA:170,23
DA:171,11
DA:172,11
DA:173,11
DA:174,11
DA:175,11
DA:176,11
DA:177,11
DA:178,11
DA:179,11
DA:181,11
DA:182,11
DA:183,11
DA:184,3
DA:185,3
DA:186,3
DA:188,11
DA:190,23
DA:192,23
DA:193,23
DA:194,23
DA:195,23
DA:196,11
DA:197,11
DA:198,11
DA:199,11
DA:200,11
DA:201,11
DA:202,11
DA:203,11
DA:204,11
DA:206,11
DA:207,11
DA:208,11
DA:209,1
DA:210,1
DA:211,1
DA:213,11
DA:215,23
DA:217,23
DA:218,23
DA:219,23
DA:220,23
DA:221,23
DA:222,23
DA:223,23
DA:224,23
DA:225,23
DA:227,23
DA:228,23
DA:229,23
DA:231,23
DA:232,23
DA:233,23
DA:234,23
DA:235,23
DA:236,23
DA:238,23
LF:191
LH:174
BRDA:37,0,0,6
BRDA:44,1,0,23
BRDA:126,2,0,13
BRDA:133,3,0,17
BRDA:133,4,0,10
BRDA:135,5,0,1
BRDA:135,6,0,17
BRDA:135,7,0,1
BRDA:141,8,0,9
BRDA:150,9,0,1
BRDA:156,10,0,8
BRDA:157,11,0,1
BRDA:162,12,0,7
BRDA:229,13,0,0
BRDA:62,14,0,13
BRDA:63,15,0,13
BRDA:65,16,0,6
BRDA:65,17,0,7
BRDA:67,18,0,6
BRDA:70,19,0,0
BRDA:91,20,0,2
BRDA:93,21,0,0
BRDA:98,22,0,1
BRDA:120,23,0,0
BRDA:170,24,0,11
BRDA:179,25,0,3
BRDA:179,26,0,8
BRDA:183,27,0,3
BRDA:195,28,0,11
BRDA:204,29,0,1
BRDA:204,30,0,10
BRDA:208,31,0,1
BRDA:221,32,0,1
BRF:33
BRH:29
end_of_record
TN:
SF:src\components\admin\users\CreateUser.tsx
FN:53,CreateUser
FN:71,onSubmit
FN:132,render
FN:146,render
FN:164,render
FN:178,render
FN:203,render
FN:224,render
FN:247,onClick
FNF:9
FNH:9
FNDA:13,CreateUser
FNDA:2,onSubmit
FNDA:17,render
FNDA:17,render
FNDA:17,render
FNDA:15,render
FNDA:15,render
FNDA:15,render
FNDA:1,onClick
DA:1,1
DA:2,1
DA:3,1
DA:11,1
DA:12,1
DA:20,1
DA:21,1
DA:28,1
DA:29,1
DA:30,1
DA:31,1
DA:32,1
DA:33,1
DA:34,1
DA:35,1
DA:38,1
DA:39,1
DA:40,1
DA:41,1
DA:42,1
DA:43,1
DA:44,1
DA:45,1
DA:46,1
DA:47,1
DA:48,1
DA:49,1
DA:53,1
DA:54,13
DA:55,13
DA:56,13
DA:57,13
DA:59,13
DA:60,13
DA:61,13
DA:62,13
DA:63,13
DA:64,13
DA:65,13
DA:66,13
DA:67,13
DA:68,13
DA:69,13
DA:71,13
DA:72,2
DA:73,2
DA:74,2
DA:76,2
DA:78,1
DA:79,1
DA:82,1
DA:83,0
DA:84,1
DA:85,1
DA:86,1
DA:87,1
DA:88,1
DA:89,1
DA:90,1
DA:91,1
DA:92,1
DA:93,1
DA:94,1
DA:95,1
DA:96,1
DA:97,1
DA:98,0
DA:99,1
DA:100,1
DA:101,2
DA:103,13
DA:104,13
DA:105,13
DA:106,13
DA:107,13
DA:109,13
DA:110,13
DA:111,13
DA:112,13
DA:113,1
DA:114,1
DA:115,1
DA:117,1
DA:118,1
DA:119,12
DA:120,1
DA:121,1
DA:122,1
DA:123,1
DA:124,1
DA:125,11
DA:127,13
DA:128,13
DA:129,13
DA:130,13
DA:131,13
DA:132,13
DA:133,17
DA:134,17
DA:135,17
DA:136,17
DA:137,17
DA:138,17
DA:139,17
DA:141,13
DA:143,13
DA:144,13
DA:145,13
DA:146,13
DA:147,17
DA:148,17
DA:149,17
DA:150,17
DA:151,17
DA:152,17
DA:153,17
DA:154,17
DA:155,17
DA:156,17
DA:157,17
DA:159,13
DA:161,13
DA:162,13
DA:163,13
DA:164,13
DA:165,17
DA:166,17
DA:167,17
DA:168,17
DA:169,17
DA:170,17
DA:171,17
DA:173,13
DA:175,13
DA:176,13
DA:177,13
DA:178,13
DA:179,15
DA:180,15
DA:181,15
DA:182,15
DA:183,15
DA:185,15
DA:186,15
DA:187,15
DA:188,15
DA:189,15
DA:190,15
DA:191,15
DA:192,15
DA:193,15
DA:194,15
DA:195,15
DA:196,15
DA:198,13
DA:200,13
DA:201,13
DA:202,13
DA:203,13
DA:204,15
DA:205,15
DA:206,15
DA:207,15
DA:208,15
DA:209,15
DA:210,15
DA:211,15
DA:212,15
DA:213,15
DA:215,15
DA:216,15
DA:217,15
DA:219,13
DA:221,13
DA:222,13
DA:223,13
DA:224,13
DA:225,15
DA:226,15
DA:227,15
DA:228,15
DA:229,15
DA:230,15
DA:231,15
DA:232,15
DA:233,15
DA:234,15
DA:237,15
DA:238,15
DA:239,15
DA:241,13
DA:243,13
DA:244,13
DA:245,13
DA:246,13
DA:247,13
DA:248,13
DA:250,13
DA:251,13
DA:252,13
DA:254,13
DA:255,13
DA:256,13
DA:257,13
DA:258,13
DA:259,13
DA:261,13
LF:207
LH:205
BRDA:53,0,0,13
BRDA:112,1,0,1
BRDA:118,2,0,12
BRDA:119,3,0,1
BRDA:124,4,0,11
BRDA:252,5,0,0
BRDA:71,6,0,2
BRDA:76,7,0,1
BRDA:97,8,0,0
BRDA:132,9,0,17
BRDA:146,10,0,17
BRDA:164,11,0,17
BRDA:178,12,0,15
BRDA:203,13,0,15
BRDA:224,14,0,15
BRDA:247,15,0,1
BRF:16
BRH:14
end_of_record
TN:
SF:src\components\admin\users\EditUser.tsx
FN:47,EditUser
FN:69,fetchUser
FN:106,onSubmit
FN:186,render
FN:200,render
FN:214,render
FN:240,render
FN:262,onClick
FNF:8
FNH:8
FNDA:21,EditUser
FNDA:13,fetchUser
FNDA:2,onSubmit
FNDA:12,render
FNDA:9,render
FNDA:9,render
FNDA:9,render
FNDA:1,onClick
DA:1,1
DA:2,1
DA:3,1
DA:11,1
DA:12,1
DA:20,1
DA:21,1
DA:28,1
DA:29,1
DA:30,1
DA:31,1
DA:32,1
DA:33,1
DA:34,1
DA:35,1
DA:38,1
DA:39,1
DA:40,1
DA:41,1
DA:42,1
DA:43,1
DA:47,1
DA:48,21
DA:49,21
DA:50,21
DA:51,21
DA:52,21
DA:53,21
DA:54,21
DA:57,21
DA:58,21
DA:59,21
DA:60,21
DA:61,21
DA:62,21
DA:63,21
DA:64,21
DA:65,21
DA:68,21
DA:69,13
DA:70,13
DA:71,13
DA:73,7
DA:74,6
DA:77,6
DA:78,6
DA:79,6
DA:80,6
DA:81,6
DA:82,6
DA:84,6
DA:85,7
DA:86,1
DA:87,1
DA:88,1
DA:89,1
DA:90,0
DA:91,0
DA:92,0
DA:93,0
DA:94,0
DA:95,0
DA:96,0
DA:97,1
DA:98,1
DA:99,1
DA:100,1
DA:101,13
DA:103,13
DA:104,21
DA:106,21
DA:107,2
DA:108,2
DA:110,2
DA:111,2
DA:113,2
DA:115,1
DA:116,1
DA:119,1
DA:120,0
DA:121,1
DA:122,1
DA:123,1
DA:124,1
DA:125,1
DA:126,1
DA:127,1
DA:128,1
DA:129,1
DA:130,1
DA:131,1
DA:132,1
DA:133,1
DA:134,1
DA:135,0
DA:136,1
DA:137,1
DA:138,2
DA:140,21
DA:141,13
DA:142,13
DA:143,13
DA:144,13
DA:145,13
DA:147,13
DA:149,21
DA:150,1
DA:151,1
DA:152,1
DA:153,1
DA:155,1
DA:157,7
DA:158,7
DA:159,7
DA:160,21
DA:161,21
DA:163,21
DA:164,21
DA:165,21
DA:166,21
DA:167,1
DA:168,1
DA:169,1
DA:171,1
DA:172,1
DA:173,6
DA:174,1
DA:175,1
DA:176,1
DA:177,1
DA:178,1
DA:179,5
DA:181,21
DA:182,21
DA:183,21
DA:184,21
DA:185,21
DA:186,21
DA:187,12
DA:188,12
DA:189,12
DA:190,12
DA:191,12
DA:192,12
DA:193,12
DA:195,21
DA:197,21
DA:198,21
DA:199,21
DA:200,21
DA:201,9
DA:202,9
DA:203,9
DA:204,9
DA:205,9
DA:206,9
DA:207,9
DA:209,21
DA:211,21
DA:212,21
DA:213,21
DA:214,21
DA:215,9
DA:216,9
DA:217,9
DA:218,9
DA:219,9
DA:220,9
DA:222,9
DA:223,9
DA:224,9
DA:225,9
DA:226,9
DA:227,9
DA:228,9
DA:229,9
DA:230,9
DA:231,9
DA:232,9
DA:233,9
DA:235,21
DA:237,21
DA:238,21
DA:239,21
DA:240,21
DA:241,9
DA:242,9
DA:243,9
DA:244,9
DA:245,9
DA:246,9
DA:247,9
DA:248,9
DA:249,9
DA:250,9
DA:252,9
DA:253,9
DA:254,9
DA:256,21
DA:258,21
DA:259,21
DA:260,21
DA:261,21
DA:262,21
DA:263,21
DA:265,21
DA:266,21
DA:267,21
DA:269,21
DA:270,21
DA:271,21
DA:272,21
DA:273,21
DA:274,21
DA:276,21
LF:215
LH:206
BRDA:47,0,0,21
BRDA:140,1,0,13
BRDA:147,2,0,15
BRDA:147,3,0,8
BRDA:149,4,0,1
BRDA:149,5,0,15
BRDA:149,6,0,1
BRDA:155,7,0,7
BRDA:166,8,0,1
BRDA:172,9,0,6
BRDA:173,10,0,1
BRDA:178,11,0,5
BRDA:267,12,0,0
BRDA:68,13,0,13
BRDA:69,14,0,13
BRDA:71,15,0,6
BRDA:71,16,0,7
BRDA:73,17,0,6
BRDA:85,18,0,1
BRDA:89,19,0,0
BRDA:90,20,0,0
BRDA:91,21,0,0
BRDA:92,22,0,0
BRDA:93,23,0,0
BRDA:94,24,0,0
BRDA:95,25,0,0
BRDA:106,26,0,2
BRDA:108,27,0,0
BRDA:113,28,0,1
BRDA:134,29,0,0
BRDA:186,30,0,12
BRDA:200,31,0,9
BRDA:214,32,0,9
BRDA:240,33,0,9
BRDA:262,34,0,1
BRF:35
BRH:25
end_of_record
TN:
SF:src\components\admin\users\UsersList.tsx
FN:39,UsersList
FN:46,fetchUsers
FN:62,handleEdit
FN:66,handleView
FN:70,handleDelete
FN:86,handleChangePassword
FN:90,handleAddUser
FN:94,getRoleBadgeColor
FN:187,onClick
FN:191,onClick
FN:196,onClick
FN:201,onClick
FNF:12
FNH:4
FNDA:15,UsersList
FNDA:11,fetchUsers
FNDA:0,handleEdit
FNDA:0,handleView
FNDA:0,handleDelete
FNDA:0,handleChangePassword
FNDA:1,handleAddUser
FNDA:2,getRoleBadgeColor
FNDA:0,onClick
FNDA:0,onClick
FNDA:0,onClick
FNDA:0,onClick
DA:1,1
DA:2,1
DA:3,1
DA:10,1
DA:16,1
DA:24,1
DA:25,1
DA:26,1
DA:27,1
DA:36,1
DA:37,1
DA:39,1
DA:40,15
DA:41,15
DA:42,15
DA:43,15
DA:45,15
DA:46,11
DA:47,11
DA:48,11
DA:49,11
DA:50,9
DA:51,9
DA:52,11
DA:53,1
DA:54,1
DA:55,1
DA:56,1
DA:57,11
DA:59,11
DA:60,15
DA:62,15
DA:63,0
DA:64,0
DA:66,15
DA:67,0
DA:68,0
DA:70,15
DA:71,0
DA:72,0
DA:73,0
DA:74,0
DA:75,0
DA:76,0
DA:77,0
DA:78,0
DA:79,0
DA:80,0
DA:81,0
DA:82,0
DA:83,0
DA:84,0
DA:86,15
DA:87,0
DA:88,0
DA:90,15
DA:91,1
DA:92,1
DA:94,15
DA:95,2
DA:96,2
DA:97,1
DA:98,2
DA:99,1
DA:100,2
DA:101,0
DA:102,2
DA:103,2
DA:105,15
DA:106,11
DA:107,11
DA:108,11
DA:109,11
DA:110,11
DA:112,11
DA:114,9
DA:115,1
DA:116,1
DA:117,1
DA:118,1
DA:120,1
DA:122,3
DA:123,3
DA:124,3
DA:125,3
DA:126,3
DA:127,3
DA:128,3
DA:129,3
DA:130,3
DA:132,3
DA:133,3
DA:134,3
DA:135,3
DA:136,3
DA:137,3
DA:138,3
DA:139,3
DA:140,3
DA:141,3
DA:142,3
DA:143,3
DA:144,3
DA:145,3
DA:146,3
DA:147,3
DA:148,3
DA:149,2
DA:150,2
DA:152,2
DA:153,2
DA:155,1
DA:156,2
DA:157,2
DA:158,2
DA:159,2
DA:160,2
DA:161,2
DA:162,2
DA:163,2
DA:165,2
DA:166,2
DA:167,2
DA:168,2
DA:169,2
DA:170,2
DA:172,2
DA:173,2
DA:174,2
DA:175,2
DA:176,2
DA:177,2
DA:178,2
DA:179,2
DA:180,2
DA:181,2
DA:182,2
DA:183,2
DA:184,2
DA:185,2
DA:186,2
DA:187,2
DA:188,2
DA:190,2
DA:191,2
DA:192,2
DA:194,2
DA:195,2
DA:196,2
DA:198,2
DA:200,2
DA:201,2
DA:202,2
DA:204,2
DA:205,2
DA:206,2
DA:207,2
DA:208,2
DA:209,1
DA:211,15
DA:212,15
DA:213,15
DA:214,15
DA:216,15
LF:164
LH:143
BRDA:39,0,0,15
BRDA:105,1,0,11
BRDA:112,2,0,9
BRDA:112,3,0,4
BRDA:114,4,0,1
BRDA:120,5,0,3
BRDA:148,6,0,2
BRDA:153,7,0,1
BRDA:45,8,0,11
BRDA:46,9,0,11
BRDA:49,10,0,9
BRDA:52,11,0,1
BRDA:90,12,0,1
BRDA:94,13,0,2
BRDA:96,14,0,1
BRDA:98,15,0,1
BRDA:100,16,0,0
BRDA:155,17,0,2
BRDA:170,18,0,1
BRDA:170,19,0,1
BRDA:172,20,0,1
BRDA:172,21,0,1
BRF:22
BRH:21
end_of_record
TN:
SF:src\components\admin\users\ViewUser.tsx
FN:34,ViewUser
FN:42,fetchUser
FN:67,handleEdit
FN:71,handleChangePassword
FN:75,handleDelete
FN:96,getRoleBadgeColor
FN:271,onClick
FNF:7
FNH:6
FNDA:19,ViewUser
FNDA:13,fetchUser
FNDA:1,handleEdit
FNDA:1,handleChangePassword
FNDA:0,handleDelete
FNDA:4,getRoleBadgeColor
FNDA:1,onClick
DA:1,1
DA:2,1
DA:3,1
DA:11,1
DA:19,1
DA:20,1
DA:21,1
DA:22,1
DA:31,1
DA:32,1
DA:34,1
DA:35,19
DA:36,19
DA:37,19
DA:38,19
DA:39,19
DA:41,19
DA:42,13
DA:43,13
DA:44,13
DA:46,7
DA:47,7
DA:48,13
DA:49,1
DA:50,7
DA:51,4
DA:52,4
DA:53,5
DA:54,7
DA:55,1
DA:56,1
DA:57,1
DA:58,1
DA:59,1
DA:60,1
DA:61,1
DA:62,13
DA:64,13
DA:65,19
DA:67,19
DA:68,1
DA:69,1
DA:71,19
DA:72,1
DA:73,1
DA:75,19
DA:76,0
DA:78,0
DA:79,0
DA:80,0
DA:81,0
DA:82,0
DA:83,0
DA:84,0
DA:85,0
DA:86,0
DA:87,0
DA:88,0
DA:89,0
DA:90,0
DA:91,0
DA:92,0
DA:93,0
DA:94,0
DA:96,19
DA:97,4
DA:98,4
DA:99,4
DA:100,4
DA:101,0
DA:102,4
DA:103,0
DA:104,4
DA:105,4
DA:107,19
DA:108,13
DA:109,13
DA:110,13
DA:111,13
DA:112,13
DA:114,13
DA:116,13
DA:117,1
DA:118,1
DA:119,1
DA:120,1
DA:122,1
DA:124,13
DA:125,1
DA:126,1
DA:127,1
DA:128,1
DA:130,1
DA:132,4
DA:133,4
DA:134,4
DA:135,4
DA:136,4
DA:137,4
DA:138,4
DA:139,4
DA:141,4
DA:142,4
DA:143,4
DA:144,4
DA:145,4
DA:147,4
DA:148,4
DA:149,4
DA:151,4
DA:152,4
DA:153,4
DA:155,4
DA:156,4
DA:157,4
DA:158,4
DA:159,4
DA:160,4
DA:161,4
DA:162,4
DA:163,4
DA:165,4
DA:166,4
DA:167,4
DA:168,4
DA:169,4
DA:170,4
DA:171,4
DA:172,4
DA:174,4
DA:175,4
DA:176,4
DA:177,4
DA:178,4
DA:180,4
DA:181,4
DA:182,4
DA:183,4
DA:185,4
DA:186,4
DA:187,4
DA:188,4
DA:189,4
DA:191,4
DA:192,4
DA:193,19
DA:195,19
DA:196,19
DA:197,19
DA:198,19
DA:199,19
DA:201,19
DA:202,19
DA:204,19
DA:205,19
DA:206,19
DA:207,19
DA:208,19
DA:210,19
DA:211,19
DA:212,19
DA:213,19
DA:214,19
DA:215,19
DA:216,19
DA:217,19
DA:219,19
DA:220,19
DA:221,19
DA:222,19
DA:223,19
DA:224,19
DA:225,19
DA:226,19
DA:228,19
DA:229,19
DA:231,19
DA:232,19
DA:233,19
DA:234,4
DA:235,4
DA:236,4
DA:237,4
DA:238,4
DA:239,4
DA:240,4
DA:241,4
DA:242,4
DA:243,4
DA:244,4
DA:245,4
DA:246,4
DA:247,4
DA:248,4
DA:249,4
DA:250,4
DA:251,4
DA:252,4
DA:253,4
DA:254,4
DA:255,4
DA:256,4
DA:257,4
DA:259,0
DA:260,0
DA:261,0
DA:263,0
DA:264,0
DA:266,19
DA:267,19
DA:268,19
DA:269,19
DA:270,19
DA:271,19
DA:273,19
DA:274,19
DA:275,19
DA:276,19
DA:278,19
LF:219
LH:194
BRDA:34,0,0,19
BRDA:107,1,0,13
BRDA:114,2,0,6
BRDA:116,3,0,1
BRDA:122,4,0,5
BRDA:124,5,0,1
BRDA:130,6,0,4
BRDA:193,7,0,0
BRDA:195,8,0,4
BRDA:195,9,0,0
BRDA:233,10,0,4
BRDA:233,11,0,4
BRDA:257,12,0,0
BRDA:41,13,0,13
BRDA:42,14,0,13
BRDA:44,15,0,6
BRDA:44,16,0,7
BRDA:47,17,0,5
BRDA:48,18,0,7
BRDA:48,19,0,1
BRDA:50,20,0,4
BRDA:52,21,0,5
BRDA:54,22,0,1
BRDA:58,23,0,0
BRDA:67,24,0,1
BRDA:71,25,0,1
BRDA:96,26,0,4
BRDA:100,27,0,0
BRDA:102,28,0,0
BRDA:244,29,0,4
BRDA:249,30,0,0
BRDA:251,31,0,0
BRDA:271,32,0,1
BRF:33
BRH:25
end_of_record
TN:
SF:src\components\auth\ChangePasswordComponent.tsx
FN:33,__vite_ssr_import_12__.object.refine.message
FN:37,__vite_ssr_import_12__.object.refine.refine.message
FN:45,ChangePasswordComponent
FN:63,onSubmit
FNF:4
FNH:4
FNDA:7,__vite_ssr_import_12__.object.refine.message
FNDA:7,__vite_ssr_import_12__.object.refine.refine.message
FNDA:22,ChangePasswordComponent
FNDA:3,onSubmit
DA:1,1
DA:2,1
DA:3,1
DA:11,1
DA:12,1
DA:13,1
DA:14,1
DA:15,1
DA:16,1
DA:17,1
DA:18,1
DA:19,1
DA:22,1
DA:23,1
DA:24,1
DA:25,1
DA:26,1
DA:27,1
DA:28,1
DA:29,1
DA:30,1
DA:31,1
DA:32,1
DA:33,1
DA:34,1
DA:35,1
DA:36,1
DA:37,1
DA:38,1
DA:39,1
DA:40,1
DA:45,1
DA:46,22
DA:47,22
DA:49,22
DA:50,22
DA:51,22
DA:52,22
DA:53,22
DA:54,22
DA:55,22
DA:56,22
DA:57,22
DA:58,22
DA:59,22
DA:60,22
DA:61,22
DA:63,22
DA:65,3
DA:67,3
DA:68,3
DA:69,1
DA:70,1
DA:73,1
DA:74,0
DA:75,1
DA:76,3
DA:77,2
DA:78,2
DA:79,2
DA:80,2
DA:81,2
DA:82,1
DA:83,1
DA:84,1
DA:85,1
DA:86,1
DA:87,1
DA:88,1
DA:89,1
DA:90,1
DA:91,2
DA:92,2
DA:93,3
DA:95,22
DA:96,22
DA:97,22
DA:98,22
DA:99,22
DA:100,22
DA:101,22
DA:102,22
DA:103,1
DA:104,1
DA:105,1
DA:107,1
DA:108,1
DA:110,22
DA:111,2
DA:112,2
DA:113,2
DA:115,22
DA:116,22
DA:117,22
DA:118,22
DA:119,22
DA:120,22
DA:121,22
DA:122,22
DA:123,22
DA:124,22
DA:125,22
DA:126,22
DA:127,22
DA:128,1
DA:129,1
DA:130,1
DA:132,22
DA:134,22
DA:135,22
DA:136,22
DA:137,22
DA:138,22
DA:139,22
DA:140,22
DA:141,22
DA:142,22
DA:143,22
DA:144,3
DA:145,3
DA:146,3
DA:148,22
DA:150,22
DA:151,22
DA:152,22
DA:153,22
DA:154,22
DA:155,22
DA:156,22
DA:157,22
DA:158,22
DA:159,22
DA:160,2
DA:161,2
DA:162,2
DA:164,22
DA:165,22
DA:166,22
DA:167,22
DA:168,22
DA:169,22
DA:170,7
DA:171,7
DA:173,7
DA:175,15
DA:177,22
DA:178,22
DA:179,22
DA:181,22
DA:182,22
DA:183,22
DA:184,22
DA:185,22
DA:186,22
DA:188,22
LF:155
LH:154
BRDA:33,0,0,7
BRDA:37,1,0,7
BRDA:45,2,0,22
BRDA:102,3,0,1
BRDA:110,4,0,2
BRDA:125,5,0,1
BRDA:125,6,0,21
BRDA:127,7,0,1
BRDA:141,8,0,3
BRDA:141,9,0,19
BRDA:143,10,0,3
BRDA:157,11,0,2
BRDA:157,12,0,20
BRDA:159,13,0,2
BRDA:169,14,0,7
BRDA:173,15,0,15
BRDA:63,16,0,3
BRDA:68,17,0,1
BRDA:76,18,0,2
BRDA:81,19,0,1
BRDA:82,20,0,1
BRDA:83,21,0,1
BRDA:84,22,0,1
BRDA:85,23,0,1
BRDA:86,24,0,1
BRDA:87,25,0,1
BRDA:88,26,0,1
BRDA:89,27,0,1
BRF:28
BRH:28
end_of_record
TN:
SF:src\components\auth\EmailVerificationComponent.tsx
FN:18,EmailVerificationComponent
FN:55,handleResendVerification
FN:88,handleLogin
FN:164,onChange
FN:204,onClick
FNF:5
FNH:1
FNDA:1,EmailVerificationComponent
FNDA:0,handleResendVerification
FNDA:0,handleLogin
FNDA:0,onChange
FNDA:0,onClick
DA:1,1
DA:2,1
DA:3,1
DA:11,1
DA:12,1
DA:13,1
DA:14,1
DA:15,1
DA:16,1
DA:18,1
DA:19,1
DA:20,1
DA:21,1
DA:23,1
DA:24,1
DA:25,1
DA:26,1
DA:27,1
DA:28,1
DA:29,2
DA:30,1
DA:32,1
DA:33,1
DA:34,1
DA:35,1
DA:36,1
DA:38,1
DA:40,1
DA:41,1
DA:42,1
DA:43,1
DA:45,1
DA:46,1
DA:49,1
DA:50,0
DA:51,0
DA:52,0
DA:53,1
DA:55,1
DA:56,0
DA:57,0
DA:58,0
DA:59,0
DA:61,0
DA:62,0
DA:64,0
DA:65,0
DA:66,0
DA:67,0
DA:68,0
DA:69,0
DA:70,0
DA:71,0
DA:72,0
DA:73,0
DA:74,0
DA:75,0
DA:76,0
DA:77,0
DA:78,0
DA:79,0
DA:80,0
DA:81,0
DA:82,0
DA:83,0
DA:84,0
DA:85,0
DA:86,0
DA:88,1
DA:89,0
DA:90,0
DA:93,1
DA:94,1
DA:96,1
DA:97,1
DA:98,1
DA:99,1
DA:100,1
DA:101,1
DA:102,1
DA:103,0
DA:104,1
DA:105,1
DA:106,1
DA:108,1
DA:109,1
DA:110,0
DA:111,0
DA:112,0
DA:115,1
DA:116,0
DA:117,0
DA:118,0
DA:121,0
DA:122,0
DA:125,1
DA:126,0
DA:127,0
DA:128,0
DA:129,0
DA:130,0
DA:131,0
DA:132,0
DA:135,1
DA:136,1
DA:137,1
DA:138,1
DA:139,1
DA:142,1
DA:143,1
DA:145,1
DA:146,1
DA:148,1
DA:149,1
DA:150,1
DA:151,0
DA:152,0
DA:153,0
DA:156,0
DA:157,0
DA:159,1
DA:160,1
DA:161,1
DA:162,1
DA:163,1
DA:164,1
DA:165,1
DA:166,1
DA:167,1
DA:168,1
DA:169,0
DA:170,0
DA:171,0
DA:173,1
DA:174,1
DA:175,1
DA:176,1
DA:177,1
DA:178,1
DA:180,1
DA:181,0
DA:182,0
DA:184,0
DA:186,1
DA:188,1
DA:189,1
DA:191,1
DA:192,1
DA:194,1
DA:196,1
DA:197,1
DA:198,0
DA:200,0
DA:202,1
DA:203,0
DA:204,0
DA:205,0
DA:206,0
DA:207,0
DA:209,0
DA:211,1
DA:212,1
DA:213,1
DA:215,1
LF:164
LH:95
BRDA:18,0,0,1
BRDA:94,1,0,0
BRDA:94,2,0,0
BRDA:102,3,0,0
BRDA:109,4,0,0
BRDA:115,5,0,0
BRDA:125,6,0,0
BRDA:150,7,0,0
BRDA:168,8,0,0
BRDA:180,9,0,0
BRDA:197,10,0,0
BRDA:202,11,0,0
BRDA:28,12,0,2
BRDA:38,13,0,1
BRDA:40,14,0,1
BRDA:45,15,0,1
BRDA:49,16,0,0
BRF:17
BRH:5
end_of_record
TN:
SF:src\components\auth\LoginComponent.tsx
FN:29,LoginComponent
FN:53,onSubmit
FNF:2
FNH:2
FNDA:10,LoginComponent
FNDA:2,onSubmit
DA:1,1
DA:2,1
DA:8,1
DA:9,1
DA:10,1
DA:11,1
DA:12,1
DA:13,1
DA:14,1
DA:15,1
DA:16,1
DA:17,1
DA:18,1
DA:21,1
DA:22,1
DA:23,1
DA:24,1
DA:29,1
DA:30,10
DA:31,10
DA:32,10
DA:34,10
DA:35,10
DA:36,10
DA:37,10
DA:38,10
DA:39,10
DA:40,10
DA:41,10
DA:42,10
DA:43,10
DA:44,10
DA:47,10
DA:48,7
DA:49,7
DA:50,7
DA:51,10
DA:53,10
DA:54,2
DA:55,2
DA:56,2
DA:58,2
DA:59,2
DA:60,2
DA:62,2
DA:63,2
DA:65,10
DA:66,10
DA:67,10
DA:68,10
DA:69,10
DA:70,10
DA:71,10
DA:72,10
DA:74,10
DA:76,10
DA:77,10
DA:78,10
DA:79,10
DA:80,10
DA:82,10
DA:83,10
DA:84,10
DA:85,10
DA:86,10
DA:87,10
DA:88,1
DA:89,1
DA:90,1
DA:92,10
DA:93,10
DA:94,10
DA:95,10
DA:96,10
DA:97,10
DA:98,10
DA:99,10
DA:100,10
DA:101,10
DA:102,1
DA:103,1
DA:104,1
DA:106,10
DA:107,10
DA:108,10
DA:109,10
DA:110,10
DA:111,10
DA:112,10
DA:113,10
DA:114,10
DA:115,10
DA:116,10
DA:117,1
DA:118,1
DA:119,1
DA:121,10
DA:122,10
DA:123,10
DA:124,10
DA:125,10
DA:126,10
DA:127,1
DA:128,1
DA:130,1
DA:132,9
DA:134,10
DA:135,10
DA:136,10
DA:137,10
DA:138,10
DA:139,10
DA:141,10
DA:142,10
DA:143,10
DA:144,10
DA:146,10
DA:147,10
DA:148,10
DA:149,10
DA:150,10
DA:151,10
DA:152,10
DA:153,10
DA:155,10
LF:125
LH:125
BRDA:29,0,0,10
BRDA:87,1,0,1
BRDA:99,2,0,1
BRDA:99,3,0,9
BRDA:101,4,0,1
BRDA:114,5,0,1
BRDA:114,6,0,9
BRDA:116,7,0,1
BRDA:126,8,0,1
BRDA:130,9,0,9
BRDA:32,10,0,17
BRDA:47,11,0,7
BRDA:48,12,0,7
BRDA:53,13,0,2
BRDA:56,14,0,2
BRF:15
BRH:15
end_of_record
TN:
SF:src\components\auth\ResetPasswordComponent.tsx
FN:29,ResetPasswordComponent
FN:46,onSubmit
FNF:2
FNH:2
FNDA:17,ResetPasswordComponent
FNDA:3,onSubmit
DA:1,1
DA:2,1
DA:3,1
DA:11,1
DA:12,1
DA:13,1
DA:14,1
DA:15,1
DA:16,1
DA:17,1
DA:18,1
DA:19,1
DA:22,1
DA:23,1
DA:24,1
DA:29,1
DA:30,17
DA:31,17
DA:32,17
DA:33,17
DA:34,17
DA:35,17
DA:36,17
DA:37,17
DA:38,17
DA:39,17
DA:40,17
DA:41,17
DA:42,17
DA:44,17
DA:46,17
DA:48,3
DA:50,3
DA:51,3
DA:52,2
DA:53,3
DA:54,1
DA:55,1
DA:56,1
DA:57,1
DA:58,1
DA:59,1
DA:60,1
DA:61,1
DA:62,1
DA:63,1
DA:64,1
DA:65,1
DA:66,1
DA:67,0
DA:68,1
DA:69,1
DA:70,3
DA:72,17
DA:73,17
DA:74,17
DA:75,17
DA:76,17
DA:77,17
DA:79,17
DA:80,17
DA:81,17
DA:82,17
DA:83,17
DA:84,1
DA:85,1
DA:86,1
DA:88,17
DA:89,1
DA:90,1
DA:91,1
DA:92,1
DA:94,1
DA:95,1
DA:97,16
DA:98,16
DA:99,16
DA:100,16
DA:101,16
DA:102,16
DA:103,16
DA:104,16
DA:105,16
DA:106,16
DA:107,16
DA:108,2
DA:109,2
DA:110,2
DA:112,16
DA:113,16
DA:115,17
DA:116,17
DA:117,17
DA:118,16
DA:119,16
DA:120,4
DA:121,4
DA:123,4
DA:125,12
DA:127,16
DA:129,17
DA:130,17
DA:132,17
DA:133,17
DA:134,17
DA:135,17
DA:136,17
DA:137,17
DA:139,17
LF:109
LH:108
BRDA:29,0,0,17
BRDA:83,1,0,1
BRDA:88,2,0,1
BRDA:95,3,0,16
BRDA:105,4,0,2
BRDA:105,5,0,14
BRDA:107,6,0,2
BRDA:117,7,0,16
BRDA:119,8,0,4
BRDA:123,9,0,12
BRDA:46,10,0,3
BRDA:51,11,0,2
BRDA:53,12,0,1
BRDA:66,13,0,0
BRF:14
BRH:13
end_of_record
TN:
SF:src\components\auth\SetNewPasswordComponent.tsx
FN:32,__vite_ssr_import_12__.object.refine.message
FN:39,SetNewPasswordComponent
FN:59,validateToken
FN:92,onSubmit
FN:157,onClick
FNF:5
FNH:4
FNDA:6,__vite_ssr_import_12__.object.refine.message
FNDA:19,SetNewPasswordComponent
FNDA:5,validateToken
FNDA:2,onSubmit
FNDA:0,onClick
DA:1,1
DA:2,1
DA:3,1
DA:11,1
DA:12,1
DA:13,1
DA:14,1
DA:15,1
DA:16,1
DA:17,1
DA:18,1
DA:19,1
DA:22,1
DA:23,1
DA:24,1
DA:25,1
DA:26,1
DA:27,1
DA:28,1
DA:29,1
DA:30,1
DA:31,1
DA:32,1
DA:33,1
DA:34,1
DA:35,1
DA:39,1
DA:40,19
DA:41,19
DA:42,19
DA:43,19
DA:44,19
DA:46,19
DA:47,19
DA:48,19
DA:49,19
DA:50,19
DA:51,19
DA:52,19
DA:53,19
DA:54,19
DA:55,19
DA:56,19
DA:59,19
DA:60,5
DA:63,5
DA:64,0
DA:65,0
DA:66,5
DA:67,5
DA:68,5
DA:69,0
DA:70,0
DA:71,0
DA:72,0
DA:73,0
DA:74,0
DA:75,0
DA:76,5
DA:79,19
DA:80,5
DA:81,5
DA:83,5
DA:84,5
DA:85,5
DA:86,5
DA:87,0
DA:88,0
DA:89,0
DA:90,19
DA:92,19
DA:93,2
DA:95,2
DA:96,0
DA:97,0
DA:98,0
DA:99,0
DA:100,0
DA:102,2
DA:103,2
DA:104,1
DA:106,1
DA:107,0
DA:108,1
DA:109,1
DA:110,1
DA:111,1
DA:112,1
DA:113,1
DA:114,1
DA:115,0
DA:116,0
DA:117,0
DA:118,0
DA:119,0
DA:120,0
DA:121,0
DA:122,0
DA:123,1
DA:124,1
DA:125,1
DA:126,2
DA:128,19
DA:129,5
DA:130,5
DA:131,5
DA:132,5
DA:133,5
DA:134,5
DA:135,5
DA:137,5
DA:139,19
DA:140,0
DA:141,0
DA:142,0
DA:143,0
DA:144,0
DA:145,0
DA:147,0
DA:148,0
DA:149,0
DA:150,0
DA:151,0
DA:152,0
DA:153,0
DA:154,0
DA:155,0
DA:156,0
DA:157,0
DA:158,0
DA:160,0
DA:161,0
DA:162,0
DA:163,0
DA:165,0
DA:167,14
DA:168,14
DA:169,14
DA:170,14
DA:171,14
DA:172,14
DA:174,14
DA:175,14
DA:176,14
DA:177,1
DA:178,1
DA:179,1
DA:180,1
DA:182,1
DA:183,1
DA:184,1
DA:186,13
DA:187,13
DA:188,13
DA:189,1
DA:190,1
DA:191,1
DA:193,13
DA:194,13
DA:195,13
DA:196,13
DA:197,13
DA:198,13
DA:199,13
DA:200,13
DA:201,13
DA:202,13
DA:203,13
DA:204,2
DA:205,2
DA:206,2
DA:208,13
DA:210,13
DA:211,13
DA:212,13
DA:213,13
DA:214,13
DA:215,13
DA:216,13
DA:217,13
DA:218,13
DA:219,13
DA:220,3
DA:221,3
DA:222,3
DA:224,13
DA:225,13
DA:226,13
DA:227,13
DA:228,13
DA:229,13
DA:230,5
DA:231,5
DA:233,5
DA:235,8
DA:237,13
DA:238,13
DA:239,13
DA:241,19
DA:242,19
DA:244,19
LF:201
LH:152
BRDA:32,0,0,6
BRDA:39,1,0,19
BRDA:128,2,0,5
BRDA:137,3,0,14
BRDA:139,4,0,0
BRDA:165,5,0,14
BRDA:176,6,0,1
BRDA:184,7,0,13
BRDA:188,8,0,1
BRDA:201,9,0,2
BRDA:201,10,0,11
BRDA:203,11,0,2
BRDA:217,12,0,3
BRDA:217,13,0,10
BRDA:219,14,0,3
BRDA:229,15,0,5
BRDA:233,16,0,8
BRDA:59,17,0,5
BRDA:63,18,0,0
BRDA:68,19,0,0
BRDA:79,20,0,5
BRDA:86,21,0,0
BRDA:92,22,0,2
BRDA:95,23,0,0
BRDA:103,24,0,1
BRDA:114,25,0,0
BRDA:115,26,0,0
BRDA:116,27,0,0
BRDA:117,28,0,0
BRDA:118,29,0,0
BRDA:119,30,0,0
BRDA:120,31,0,0
BRDA:121,32,0,0
BRF:33
BRH:20
end_of_record
TN:
SF:src\components\auth\SignUpComponent.tsx
FN:32,__vite_ssr_import_7__.z.object.refine.message
FN:39,SignUpComponent
FN:60,onSubmit
FNF:3
FNH:3
FNDA:5,__vite_ssr_import_7__.z.object.refine.message
FNDA:12,SignUpComponent
FNDA:2,onSubmit
DA:1,1
DA:2,1
DA:3,1
DA:4,1
DA:5,1
DA:6,1
DA:7,1
DA:8,1
DA:9,1
DA:10,1
DA:11,1
DA:19,1
DA:20,1
DA:23,1
DA:24,1
DA:25,1
DA:26,1
DA:27,1
DA:28,1
DA:29,1
DA:30,1
DA:31,1
DA:32,1
DA:33,1
DA:34,1
DA:35,1
DA:39,1
DA:40,12
DA:41,12
DA:42,12
DA:43,12
DA:44,12
DA:46,12
DA:47,12
DA:48,12
DA:49,12
DA:50,12
DA:51,12
DA:52,12
DA:53,12
DA:54,12
DA:55,12
DA:56,12
DA:57,12
DA:58,12
DA:60,12
DA:61,2
DA:62,2
DA:63,2
DA:64,2
DA:65,2
DA:66,2
DA:67,2
DA:68,2
DA:70,1
DA:71,1
DA:72,1
DA:73,1
DA:76,1
DA:77,0
DA:78,1
DA:79,1
DA:81,1
DA:82,1
DA:83,2
DA:86,12
DA:87,8
DA:88,8
DA:89,8
DA:90,12
DA:92,12
DA:93,12
DA:94,12
DA:95,12
DA:96,12
DA:97,12
DA:98,12
DA:99,12
DA:101,12
DA:103,12
DA:104,12
DA:106,12
DA:107,12
DA:108,12
DA:109,12
DA:110,12
DA:111,12
DA:112,12
DA:113,12
DA:115,12
DA:116,12
DA:117,12
DA:118,12
DA:119,12
DA:120,12
DA:121,12
DA:122,12
DA:123,12
DA:124,12
DA:125,12
DA:126,1
DA:127,1
DA:128,1
DA:130,12
DA:131,12
DA:132,12
DA:133,12
DA:134,12
DA:135,12
DA:136,12
DA:137,12
DA:138,12
DA:139,12
DA:140,12
DA:141,1
DA:142,1
DA:143,1
DA:145,12
DA:146,12
DA:147,12
DA:148,12
DA:149,12
DA:150,12
DA:151,12
DA:152,12
DA:153,12
DA:154,12
DA:155,12
DA:156,1
DA:157,1
DA:158,1
DA:160,12
DA:161,12
DA:162,12
DA:163,12
DA:164,12
DA:165,12
DA:166,12
DA:167,12
DA:168,12
DA:169,12
DA:170,12
DA:171,1
DA:172,1
DA:173,1
DA:175,12
DA:176,12
DA:177,12
DA:178,12
DA:179,12
DA:180,0
DA:181,0
DA:182,0
DA:183,0
DA:185,0
DA:186,0
DA:188,12
DA:189,1
DA:190,1
DA:191,1
DA:192,1
DA:194,1
DA:195,1
DA:197,12
DA:198,12
DA:199,0
DA:200,0
DA:202,0
DA:204,12
DA:206,12
DA:207,12
DA:208,12
DA:209,12
DA:211,12
DA:212,12
DA:213,12
DA:214,12
DA:215,12
DA:216,12
DA:217,12
DA:219,12
LF:181
LH:171
BRDA:32,0,0,5
BRDA:39,1,0,12
BRDA:123,2,0,1
BRDA:123,3,0,11
BRDA:125,4,0,1
BRDA:138,5,0,1
BRDA:138,6,0,11
BRDA:140,7,0,1
BRDA:153,8,0,1
BRDA:153,9,0,11
BRDA:155,10,0,1
BRDA:168,11,0,1
BRDA:168,12,0,11
BRDA:170,13,0,1
BRDA:179,14,0,0
BRDA:188,15,0,1
BRDA:198,16,0,0
BRDA:42,17,0,12
BRDA:60,18,0,2
BRDA:68,19,0,1
BRDA:86,20,0,8
BRDA:87,21,0,8
BRF:22
BRH:20
end_of_record
TN:
SF:src\components\auth\guards\AdminGuard.tsx
FN:15,AdminGuard
FNF:1
FNH:1
FNDA:4,AdminGuard
DA:1,1
DA:2,1
DA:3,1
DA:4,1
DA:15,1
DA:16,4
DA:17,4
DA:18,4
DA:20,4
DA:21,4
DA:23,1
DA:24,4
DA:26,2
DA:27,2
DA:28,4
DA:31,4
DA:32,3
DA:33,3
DA:35,1
DA:36,1
LF:20
LH:20
BRDA:15,0,0,4
BRDA:18,1,0,3
BRDA:31,2,0,3
BRDA:31,3,0,3
BRDA:32,4,0,1
BRDA:32,5,0,2
BRDA:33,6,0,1
BRDA:20,7,0,4
BRDA:21,8,0,1
BRDA:24,9,0,3
BRDA:24,10,0,2
BRF:11
BRH:11
end_of_record
TN:
SF:src\components\auth\guards\AuthGuard.tsx
FN:14,AuthGuard
FNF:1
FNH:1
FNDA:3,AuthGuard
DA:1,1
DA:2,1
DA:3,1
DA:14,1
DA:15,3
DA:16,3
DA:18,3
DA:19,3
DA:21,2
DA:22,2
DA:23,3
DA:26,3
DA:27,2
DA:28,2
DA:30,1
DA:31,1
LF:16
LH:16
BRDA:14,0,0,3
BRDA:26,1,0,2
BRDA:27,2,0,1
BRDA:27,3,0,1
BRDA:28,4,0,1
BRDA:18,5,0,3
BRDA:19,6,0,2
BRF:7
BRH:7
end_of_record
TN:
SF:src\components\auth\guards\GuestGuard.tsx
FN:13,GuestGuard
FNF:1
FNH:1
FNDA:14,GuestGuard
DA:1,1
DA:2,1
DA:3,1
DA:13,1
DA:14,14
DA:15,14
DA:17,14
DA:18,10
DA:20,1
DA:21,1
DA:22,14
DA:24,14
DA:25,14
LF:13
LH:13
BRDA:13,0,0,14
BRDA:15,1,0,12
BRDA:17,2,0,10
BRDA:18,3,0,1
BRF:4
BRH:4
end_of_record
TN:
SF:src\components\books\AuthorsComponent.tsx
FN:18,AuthorsComponent
FN:41,fetchAuthorData
FN:116,onClick
FNF:3
FNH:1
FNDA:6,AuthorsComponent
FNDA:0,fetchAuthorData
FNDA:0,onClick
DA:1,1
DA:2,1
DA:3,1
DA:4,1
DA:5,1
DA:13,1
DA:14,1
DA:15,1
DA:16,1
DA:18,1
DA:19,6
DA:20,6
DA:22,6
DA:29,6
DA:30,6
DA:31,6
DA:32,6
DA:33,6
DA:35,6
DA:36,6
DA:37,0
DA:38,0
DA:39,6
DA:41,6
DA:42,0
DA:43,0
DA:45,0
DA:46,0
DA:49,0
DA:51,0
DA:52,0
DA:53,0
DA:54,0
DA:55,0
DA:56,0
DA:57,0
DA:59,0
DA:62,0
DA:63,0
DA:64,0
DA:65,0
DA:66,0
DA:67,0
DA:68,0
DA:69,0
DA:70,0
DA:71,0
DA:72,0
DA:73,0
DA:74,0
DA:75,0
DA:76,0
DA:77,0
DA:78,0
DA:79,0
DA:80,0
DA:81,0
DA:82,0
DA:84,6
DA:85,6
DA:86,6
DA:87,6
DA:88,6
DA:89,6
DA:90,6
DA:92,6
DA:94,6
DA:95,0
DA:96,0
DA:97,0
DA:98,0
DA:99,0
DA:100,0
DA:101,0
DA:102,0
DA:103,0
DA:104,0
DA:105,0
DA:106,0
DA:108,0
DA:110,0
DA:111,0
DA:113,0
DA:114,0
DA:115,0
DA:116,0
DA:117,0
DA:119,0
DA:120,0
DA:121,0
DA:122,0
DA:125,0
DA:126,0
DA:127,0
DA:128,0
DA:129,0
DA:130,0
DA:131,0
DA:132,0
DA:133,0
DA:134,0
DA:136,6
DA:137,6
DA:138,6
DA:139,6
DA:140,6
DA:141,6
DA:142,6
DA:143,6
DA:144,6
DA:145,6
DA:146,6
DA:147,6
DA:148,6
DA:149,6
DA:150,6
DA:151,6
DA:152,6
DA:153,6
DA:154,6
DA:155,6
DA:156,6
DA:157,6
DA:158,6
DA:161,6
DA:162,6
DA:163,6
DA:164,6
DA:165,6
DA:166,6
DA:167,6
DA:169,6
DA:170,6
DA:172,6
DA:173,0
DA:174,0
DA:176,0
DA:177,0
DA:178,0
DA:179,0
DA:180,0
DA:182,0
DA:183,0
DA:184,0
DA:185,0
DA:186,0
DA:187,0
DA:188,0
DA:189,0
DA:191,0
DA:192,0
DA:193,0
DA:194,0
DA:195,0
DA:196,0
DA:197,0
DA:198,0
DA:199,0
DA:200,0
DA:201,0
DA:202,0
DA:203,0
DA:204,0
DA:205,0
DA:206,0
DA:207,0
DA:209,0
DA:210,0
DA:211,0
DA:212,0
DA:213,0
DA:214,0
DA:215,0
DA:217,0
DA:218,0
DA:220,0
DA:221,0
DA:222,0
DA:223,0
DA:224,0
DA:225,0
DA:227,6
DA:229,6
DA:230,6
DA:231,6
DA:232,6
DA:234,6
DA:235,0
DA:236,0
DA:238,0
DA:239,0
DA:241,0
DA:242,0
DA:243,0
DA:244,0
DA:245,0
DA:246,0
DA:247,0
DA:248,0
DA:250,0
DA:251,0
DA:252,0
DA:253,0
DA:254,0
DA:255,0
DA:256,0
DA:257,0
DA:258,0
DA:259,0
DA:260,0
DA:261,0
DA:262,0
DA:263,0
DA:264,0
DA:265,0
DA:266,0
DA:268,0
DA:269,0
DA:270,0
DA:271,0
DA:272,0
DA:274,6
DA:276,6
DA:277,6
DA:278,6
DA:280,6
DA:281,6
DA:282,6
DA:283,0
DA:284,6
DA:286,6
DA:287,6
DA:288,0
DA:289,0
DA:290,0
DA:291,0
DA:294,6
DA:295,6
DA:296,6
DA:297,6
DA:298,6
DA:299,6
DA:300,6
DA:301,6
DA:302,6
DA:303,6
DA:304,6
DA:305,6
DA:306,6
DA:308,6
LF:250
LH:94
BRDA:18,0,0,6
BRDA:92,1,0,0
BRDA:94,2,0,0
BRDA:148,3,0,0
BRDA:148,4,0,0
BRDA:153,5,0,0
BRDA:172,6,0,0
BRDA:172,7,0,0
BRDA:180,8,0,0
BRDA:234,9,0,0
BRDA:239,10,0,0
BRDA:282,11,0,0
BRDA:287,12,0,0
BRDA:297,13,0,0
BRDA:297,14,0,0
BRDA:35,15,0,6
BRDA:36,16,0,0
BRF:17
BRH:2
end_of_record
TN:
SF:src\components\books\AuthorsListComponent.tsx
FN:33,AuthorsListComponent
FN:49,fetchAuthors
FN:154,onClick
FN:170,onChange
FN:180,onClick
FNF:5
FNH:2
FNDA:6,AuthorsListComponent
FNDA:6,fetchAuthors
FNDA:0,onClick
FNDA:0,onChange
FNDA:0,onClick
DA:1,1
DA:2,1
DA:3,1
DA:4,1
DA:5,1
DA:12,1
DA:13,1
DA:14,1
DA:33,1
DA:34,6
DA:35,6
DA:36,6
DA:37,6
DA:38,6
DA:41,6
DA:42,6
DA:43,6
DA:45,6
DA:46,6
DA:47,6
DA:49,6
DA:50,6
DA:51,6
DA:54,6
DA:57,6
DA:58,6
DA:59,0
DA:61,0
DA:64,0
DA:65,0
DA:66,0
DA:67,0
DA:68,0
DA:71,0
DA:72,0
DA:73,0
DA:74,0
DA:75,0
DA:78,0
DA:79,0
DA:80,0
DA:81,0
DA:82,0
DA:83,0
DA:84,0
DA:85,0
DA:86,0
DA:87,0
DA:89,0
DA:90,0
DA:91,0
DA:92,0
DA:93,0
DA:94,0
DA:95,0
DA:96,0
DA:97,0
DA:98,6
DA:99,6
DA:101,0
DA:102,6
DA:103,6
DA:104,6
DA:105,6
DA:106,6
DA:107,6
DA:108,6
DA:111,6
DA:112,6
DA:113,6
DA:114,0
DA:115,0
DA:116,0
DA:118,0
DA:119,0
DA:120,0
DA:122,0
DA:123,6
DA:124,6
DA:125,0
DA:126,0
DA:128,0
DA:129,0
DA:130,0
DA:131,6
DA:132,6
DA:134,6
DA:135,6
DA:136,6
DA:137,6
DA:138,6
DA:139,6
DA:141,6
DA:143,0
DA:144,0
DA:145,0
DA:146,0
DA:147,0
DA:148,0
DA:149,0
DA:151,0
DA:152,0
DA:153,0
DA:154,0
DA:155,0
DA:157,0
DA:158,6
DA:159,6
DA:160,6
DA:163,6
DA:164,6
DA:165,6
DA:166,6
DA:167,6
DA:168,6
DA:169,6
DA:170,6
DA:171,6
DA:172,6
DA:175,6
DA:176,6
DA:177,6
DA:178,6
DA:179,6
DA:180,6
DA:181,6
DA:183,6
DA:185,6
DA:186,0
DA:187,0
DA:188,0
DA:189,0
DA:190,0
DA:192,0
DA:193,0
DA:194,6
DA:195,6
DA:196,6
DA:198,6
DA:199,0
DA:200,0
DA:201,0
DA:202,0
DA:204,0
DA:205,0
DA:207,0
DA:208,0
DA:209,0
DA:210,0
DA:211,0
DA:213,0
DA:214,0
DA:215,0
DA:216,0
DA:217,0
DA:218,0
DA:219,0
DA:220,0
DA:222,0
DA:223,0
DA:224,0
DA:226,0
DA:227,0
DA:228,0
DA:229,0
DA:230,0
DA:231,0
DA:232,0
DA:233,0
DA:234,0
DA:235,0
DA:236,0
DA:237,0
DA:238,0
DA:239,0
DA:240,0
DA:241,0
DA:242,0
DA:244,0
DA:245,0
DA:246,0
DA:247,0
DA:248,0
DA:250,0
DA:252,0
DA:254,0
DA:255,0
DA:257,0
DA:258,0
DA:259,0
DA:260,0
DA:261,0
DA:262,0
DA:263,0
DA:264,0
DA:265,0
DA:267,0
DA:268,0
DA:269,0
DA:270,0
DA:271,0
DA:272,0
DA:274,0
DA:275,0
DA:276,0
DA:277,0
DA:278,0
DA:279,0
DA:281,0
DA:282,0
DA:283,0
DA:285,0
DA:286,0
DA:287,0
DA:290,0
DA:291,0
DA:292,0
DA:293,0
DA:294,0
DA:295,0
DA:296,0
DA:298,0
DA:299,0
DA:300,0
DA:301,0
DA:302,0
DA:304,0
DA:305,0
DA:306,0
DA:307,0
DA:309,0
DA:311,0
DA:312,0
DA:313,0
DA:314,0
DA:315,0
DA:316,0
DA:317,0
DA:319,6
DA:321,6
LF:240
LH:77
BRDA:33,0,0,6
BRDA:141,1,0,0
BRDA:158,2,0,0
BRDA:178,3,0,0
BRDA:178,4,0,0
BRDA:198,5,0,0
BRDA:205,6,0,0
BRDA:41,7,0,6
BRDA:45,8,0,6
BRDA:49,9,0,6
BRDA:99,10,0,0
BRDA:111,11,0,6
BRF:12
BRH:5
end_of_record
TN:
SF:src\components\books\BookDetailsComponent.tsx
FN:54,BookDetailsComponent
FN:75,fetchBookDetails
FN:144,checkIfInCollection
FN:159,toggleCollection
FN:180,handleReviewSubmitted
FN:219,onClick
FNF:6
FNH:4
FNDA:21,BookDetailsComponent
FNDA:6,fetchBookDetails
FNDA:6,checkIfInCollection
FNDA:2,toggleCollection
FNDA:0,handleReviewSubmitted
FNDA:0,onClick
DA:1,1
DA:2,1
DA:3,1
DA:4,1
DA:5,1
DA:6,1
DA:7,1
DA:8,1
DA:9,1
DA:22,1
DA:23,1
DA:24,1
DA:25,1
DA:54,1
DA:55,21
DA:56,21
DA:58,21
DA:59,21
DA:60,21
DA:61,21
DA:62,21
DA:65,21
DA:66,21
DA:68,21
DA:69,6
DA:70,6
DA:71,6
DA:72,6
DA:73,21
DA:75,21
DA:76,6
DA:77,6
DA:79,6
DA:80,6
DA:81,6
DA:82,0
DA:83,0
DA:84,0
DA:85,0
DA:88,5
DA:89,5
DA:90,5
DA:91,6
DA:92,6
DA:93,6
DA:94,6
DA:95,6
DA:96,6
DA:97,6
DA:98,6
DA:99,5
DA:101,10
DA:102,10
DA:103,10
DA:104,10
DA:105,10
DA:106,5
DA:107,0
DA:108,6
DA:110,6
DA:113,6
DA:114,5
DA:117,5
DA:118,5
DA:120,5
DA:121,5
DA:122,5
DA:123,5
DA:124,0
DA:125,0
DA:126,0
DA:127,5
DA:129,5
DA:130,5
DA:131,0
DA:133,0
DA:134,5
DA:135,6
DA:136,1
DA:137,1
DA:138,1
DA:139,6
DA:140,6
DA:141,6
DA:142,6
DA:144,21
DA:145,6
DA:146,6
DA:147,6
DA:148,6
DA:149,6
DA:150,6
DA:151,6
DA:152,0
DA:154,6
DA:155,6
DA:156,6
DA:157,6
DA:159,21
DA:160,2
DA:162,2
DA:163,2
DA:164,2
DA:165,1
DA:166,1
DA:167,1
DA:168,1
DA:169,1
DA:170,1
DA:171,2
DA:172,2
DA:173,0
DA:174,0
DA:175,2
DA:176,2
DA:177,2
DA:178,2
DA:180,21
DA:182,0
DA:183,0
DA:185,21
DA:186,12
DA:187,12
DA:188,12
DA:189,12
DA:190,12
DA:191,12
DA:192,12
DA:194,12
DA:196,21
DA:197,1
DA:198,1
DA:199,1
DA:200,1
DA:201,1
DA:202,1
DA:203,1
DA:204,1
DA:205,1
DA:206,1
DA:207,1
DA:208,1
DA:209,1
DA:211,1
DA:213,8
DA:214,8
DA:216,8
DA:217,8
DA:218,8
DA:219,8
DA:220,8
DA:222,8
DA:223,8
DA:224,8
DA:225,8
DA:226,8
DA:227,8
DA:229,8
DA:230,8
DA:231,8
DA:233,8
DA:235,8
DA:236,8
DA:237,8
DA:238,8
DA:239,8
DA:240,8
DA:241,0
DA:243,21
DA:244,21
DA:245,21
DA:246,21
DA:249,21
DA:250,21
DA:251,21
DA:252,21
DA:253,21
DA:255,21
DA:256,2
DA:257,6
DA:258,2
DA:260,4
DA:262,21
DA:263,21
DA:266,21
DA:267,21
DA:268,21
DA:269,21
DA:271,21
DA:272,21
DA:274,21
DA:275,21
DA:276,21
DA:277,21
DA:278,21
DA:281,21
DA:282,21
DA:284,21
DA:285,21
DA:287,21
DA:288,0
DA:289,0
DA:290,0
DA:294,21
DA:295,21
DA:296,8
DA:297,16
DA:298,16
DA:299,16
DA:300,8
DA:301,21
DA:302,21
DA:305,21
DA:306,21
DA:307,21
DA:309,21
DA:311,21
DA:312,21
DA:313,16
DA:314,16
DA:315,16
DA:317,16
DA:318,16
DA:319,16
DA:320,16
DA:321,16
DA:322,16
DA:323,16
DA:325,16
DA:326,16
DA:327,16
DA:328,16
DA:329,16
DA:330,16
DA:331,16
DA:332,8
DA:334,8
DA:336,16
DA:337,16
DA:338,16
DA:339,16
DA:340,16
DA:341,16
DA:343,16
DA:345,16
DA:346,16
DA:347,16
DA:348,21
DA:349,21
DA:350,21
DA:353,21
DA:354,21
DA:355,21
DA:356,21
DA:357,21
DA:358,21
DA:359,21
DA:361,21
DA:363,21
DA:364,21
DA:366,21
DA:367,21
DA:368,21
DA:370,21
DA:371,21
DA:372,8
DA:373,8
DA:374,8
DA:376,0
DA:378,0
DA:380,21
DA:381,21
DA:383,21
DA:384,21
DA:385,21
DA:386,21
DA:387,21
DA:388,21
DA:390,21
DA:391,21
DA:392,21
DA:393,21
DA:395,21
DA:396,21
DA:397,21
DA:398,21
DA:400,21
DA:401,21
DA:402,21
DA:403,8
DA:404,8
DA:405,8
DA:406,8
DA:407,0
DA:408,21
DA:409,21
DA:410,21
DA:412,21
DA:413,21
DA:414,21
DA:415,21
DA:417,21
DA:418,21
DA:419,21
DA:420,21
DA:421,21
DA:422,21
DA:423,21
DA:424,21
DA:426,21
DA:427,21
DA:429,21
DA:430,21
DA:431,21
DA:432,21
DA:433,21
DA:434,21
DA:437,21
DA:438,21
DA:439,21
DA:440,21
DA:441,21
DA:442,21
DA:443,21
DA:444,21
DA:445,21
DA:448,21
DA:449,0
DA:450,0
DA:451,0
DA:452,0
DA:453,0
DA:454,0
DA:455,0
DA:456,0
DA:458,0
DA:459,0
DA:460,0
DA:461,0
DA:462,0
DA:463,0
DA:465,0
DA:466,0
DA:467,0
DA:468,0
DA:469,0
DA:470,0
DA:471,0
DA:472,0
DA:473,0
DA:474,0
DA:475,0
DA:476,0
DA:477,0
DA:478,0
DA:480,21
DA:481,21
DA:482,21
DA:484,21
LF:359
LH:309
BRDA:54,0,0,21
BRDA:185,1,0,12
BRDA:194,2,0,9
BRDA:196,3,0,8
BRDA:196,4,0,1
BRDA:203,5,0,0
BRDA:211,6,0,8
BRDA:240,7,0,0
BRDA:255,8,0,2
BRDA:256,9,0,6
BRDA:257,10,0,2
BRDA:258,11,0,4
BRDA:262,12,0,3
BRDA:262,13,0,5
BRDA:287,14,0,0
BRDA:295,15,0,8
BRDA:371,16,0,8
BRDA:374,17,0,0
BRDA:391,18,0,0
BRDA:402,19,0,8
BRDA:406,20,0,0
BRDA:419,21,0,0
BRDA:448,22,0,0
BRDA:68,23,0,6
BRDA:75,24,0,6
BRDA:80,25,0,5
BRDA:81,26,0,0
BRDA:85,27,0,5
BRDA:91,28,0,0
BRDA:92,29,0,0
BRDA:93,30,0,0
BRDA:94,31,0,0
BRDA:95,32,0,0
BRDA:95,33,0,0
BRDA:97,34,0,0
BRDA:98,35,0,5
BRDA:106,36,0,0
BRDA:113,37,0,5
BRDA:130,38,0,0
BRDA:135,39,0,1
BRDA:99,40,0,10
BRDA:101,41,0,0
BRDA:105,42,0,5
BRDA:121,43,0,15
BRDA:121,44,0,5
BRDA:121,45,0,5
BRDA:144,46,0,6
BRDA:151,47,0,0
BRDA:159,48,0,2
BRDA:160,49,0,0
BRDA:164,50,0,1
BRDA:172,51,0,0
BRDA:296,52,0,16
BRDA:312,53,0,16
BRDA:331,54,0,8
BRF:55
BRH:33
end_of_record
TN:
SF:src\components\books\BooksCatalogComponent.tsx
FN:17,BooksCatalogComponent
FN:27,fetchBooks
FN:49,fetchUserCollection
FN:64,handleAddToCollection
FN:75,handleRemoveFromCollection
FN:86,isInCollection
FN:167,onClick
FN:177,onClick
FNF:8
FNH:8
FNDA:21,BooksCatalogComponent
FNDA:13,fetchBooks
FNDA:13,fetchUserCollection
FNDA:1,handleAddToCollection
FNDA:1,handleRemoveFromCollection
FNDA:36,isInCollection
FNDA:1,onClick
FNDA:1,onClick
DA:1,1
DA:2,1
DA:3,1
DA:11,1
DA:12,1
DA:13,1
DA:14,1
DA:15,1
DA:17,1
DA:18,21
DA:19,21
DA:20,21
DA:22,21
DA:23,13
DA:24,13
DA:25,21
DA:27,21
DA:28,13
DA:29,13
DA:30,13
DA:33,12
DA:34,12
DA:35,13
DA:36,0
DA:37,0
DA:38,0
DA:39,0
DA:40,13
DA:41,1
DA:42,1
DA:43,1
DA:44,13
DA:45,13
DA:46,13
DA:47,13
DA:49,21
DA:50,13
DA:51,13
DA:52,13
DA:53,13
DA:54,13
DA:55,13
DA:56,13
DA:57,13
DA:58,13
DA:59,0
DA:60,0
DA:61,0
DA:62,13
DA:64,21
DA:65,1
DA:66,1
DA:67,1
DA:68,1
DA:69,1
DA:70,0
DA:71,0
DA:72,0
DA:73,1
DA:75,21
DA:76,1
DA:77,1
DA:78,1
DA:79,1
DA:80,1
DA:81,0
DA:82,0
DA:83,0
DA:84,1
DA:86,21
DA:88,21
DA:89,13
DA:90,13
DA:91,13
DA:92,13
DA:93,13
DA:95,13
DA:97,15
DA:98,2
DA:99,2
DA:100,2
DA:101,2
DA:103,2
DA:104,2
DA:105,2
DA:106,2
DA:107,2
DA:109,2
DA:111,6
DA:112,6
DA:113,6
DA:114,18
DA:115,18
DA:116,18
DA:118,18
DA:119,18
DA:120,18
DA:121,18
DA:122,0
DA:123,0
DA:125,18
DA:126,18
DA:127,18
DA:128,18
DA:129,18
DA:130,18
DA:131,18
DA:132,3
DA:134,3
DA:136,18
DA:137,18
DA:138,18
DA:139,18
DA:140,18
DA:141,18
DA:142,0
DA:143,18
DA:144,18
DA:145,0
DA:146,18
DA:147,18
DA:148,18
DA:149,18
DA:150,18
DA:151,18
DA:152,18
DA:153,18
DA:154,18
DA:155,18
DA:156,18
DA:157,18
DA:159,18
DA:160,18
DA:162,18
DA:163,3
DA:164,3
DA:165,3
DA:166,3
DA:167,3
DA:169,3
DA:171,3
DA:173,15
DA:174,15
DA:175,15
DA:176,15
DA:177,15
DA:179,15
DA:181,15
DA:183,18
DA:184,18
DA:185,18
DA:186,6
DA:187,6
DA:189,6
LF:154
LH:137
BRDA:17,0,0,21
BRDA:88,1,0,13
BRDA:95,2,0,15
BRDA:95,3,0,8
BRDA:97,4,0,2
BRDA:109,5,0,6
BRDA:22,6,0,13
BRDA:27,7,0,13
BRDA:30,8,0,12
BRDA:35,9,0,0
BRDA:40,10,0,1
BRDA:49,11,0,13
BRDA:58,12,0,0
BRDA:54,13,0,2
BRDA:64,14,0,1
BRDA:69,15,0,0
BRDA:67,16,0,1
BRDA:75,17,0,1
BRDA:80,18,0,0
BRDA:78,19,0,1
BRDA:78,20,0,1
BRDA:86,21,0,36
BRDA:113,22,0,18
BRDA:121,23,0,0
BRDA:122,24,0,0
BRDA:131,25,0,3
BRDA:136,26,0,0
BRDA:141,27,0,0
BRDA:144,28,0,0
BRDA:150,29,0,0
BRDA:162,30,0,3
BRDA:171,31,0,15
BRDA:167,32,0,1
BRDA:177,33,0,1
BRF:34
BRH:24
end_of_record
TN:
SF:src\components\books\BooksComponent.tsx
FN:8,BooksComponent
FN:12,handleRefresh
FN:63,onClick
FN:71,onClick
FNF:4
FNH:1
FNDA:6,BooksComponent
FNDA:0,handleRefresh
FNDA:0,onClick
FNDA:0,onClick
DA:1,1
DA:2,1
DA:3,1
DA:4,1
DA:5,1
DA:6,1
DA:8,1
DA:9,6
DA:10,6
DA:12,6
DA:13,0
DA:15,0
DA:16,0
DA:18,0
DA:19,0
DA:21,6
DA:22,6
DA:23,6
DA:24,6
DA:25,6
DA:26,6
DA:27,6
DA:28,6
DA:29,6
DA:31,6
DA:32,0
DA:34,6
DA:35,6
DA:37,6
DA:38,6
DA:39,6
DA:40,6
DA:42,6
DA:43,6
DA:44,6
DA:45,6
DA:46,6
DA:48,6
DA:49,6
DA:50,6
DA:51,6
DA:52,6
DA:54,6
DA:55,6
DA:56,6
DA:57,6
DA:59,6
DA:60,6
DA:61,6
DA:62,6
DA:63,6
DA:64,6
DA:66,6
DA:68,6
DA:69,6
DA:70,6
DA:71,6
DA:72,6
DA:74,6
DA:76,6
DA:77,6
DA:79,6
DA:80,6
DA:82,0
DA:84,6
DA:85,6
DA:87,6
LF:67
LH:60
BRDA:8,0,0,6
BRDA:31,1,0,0
BRDA:62,2,0,0
BRDA:70,3,0,0
BRDA:80,4,0,0
BRF:5
BRH:1
end_of_record
TN:
SF:src\components\books\BooksListComponent.tsx
FN:17,BooksListComponent
FN:27,fetchBooks
FN:56,fetchUserCollection
FN:89,handleAddToCollection
FN:100,handleRemoveFromCollection
FN:111,isInCollection
FN:185,onClick
FN:193,onClick
FNF:8
FNH:4
FNDA:5,BooksListComponent
FNDA:3,fetchBooks
FNDA:3,fetchUserCollection
FNDA:0,handleAddToCollection
FNDA:0,handleRemoveFromCollection
FNDA:4,isInCollection
FNDA:0,onClick
FNDA:0,onClick
DA:1,1
DA:2,1
DA:3,1
DA:11,1
DA:12,1
DA:13,1
DA:14,1
DA:15,1
DA:17,1
DA:18,5
DA:19,5
DA:20,5
DA:22,5
DA:23,3
DA:24,3
DA:25,5
DA:27,5
DA:28,3
DA:29,3
DA:30,3
DA:33,2
DA:34,2
DA:35,2
DA:36,0
DA:37,0
DA:38,0
DA:39,0
DA:41,0
DA:42,0
DA:43,0
DA:44,0
DA:45,0
DA:46,0
DA:47,3
DA:48,0
DA:49,0
DA:50,0
DA:51,3
DA:52,2
DA:53,2
DA:54,3
DA:56,5
DA:57,3
DA:58,3
DA:61,3
DA:62,1
DA:63,1
DA:64,1
DA:65,1
DA:66,1
DA:67,2
DA:68,0
DA:69,0
DA:70,2
DA:72,0
DA:73,0
DA:74,0
DA:75,0
DA:76,2
DA:77,2
DA:78,2
DA:79,2
DA:80,2
DA:81,2
DA:82,2
DA:83,3
DA:84,0
DA:85,0
DA:86,0
DA:87,3
DA:89,5
DA:90,0
DA:91,0
DA:92,0
DA:93,0
DA:94,0
DA:95,0
DA:96,0
DA:97,0
DA:98,0
DA:100,5
DA:101,0
DA:102,0
DA:103,0
DA:104,0
DA:105,0
DA:106,0
DA:107,0
DA:108,0
DA:109,0
DA:111,5
DA:112,4
DA:113,4
DA:115,5
DA:116,3
DA:117,3
DA:119,5
DA:120,1
DA:121,1
DA:122,1
DA:123,1
DA:125,1
DA:126,1
DA:127,1
DA:128,1
DA:129,1
DA:131,1
DA:133,1
DA:134,1
DA:135,1
DA:136,1
DA:137,1
DA:138,1
DA:139,1
DA:140,1
DA:141,1
DA:142,1
DA:143,1
DA:144,1
DA:145,1
DA:146,1
DA:147,1
DA:148,2
DA:149,2
DA:150,2
DA:151,2
DA:152,2
DA:153,2
DA:154,2
DA:156,2
DA:157,2
DA:158,2
DA:159,2
DA:160,2
DA:161,2
DA:162,2
DA:163,2
DA:164,0
DA:166,2
DA:168,2
DA:169,2
DA:170,2
DA:171,0
DA:172,2
DA:173,2
DA:174,2
DA:175,2
DA:176,2
DA:177,2
DA:178,2
DA:179,2
DA:180,2
DA:181,2
DA:182,0
DA:183,0
DA:184,0
DA:185,0
DA:187,0
DA:188,0
DA:190,2
DA:191,2
DA:192,2
DA:193,2
DA:195,2
DA:196,2
DA:198,2
DA:199,2
DA:200,2
DA:201,2
DA:202,2
DA:203,2
DA:204,2
DA:205,2
DA:206,2
DA:207,2
DA:208,2
DA:209,1
DA:210,1
DA:211,1
DA:212,1
DA:214,1
LF:181
LH:133
BRDA:17,0,0,5
BRDA:115,1,0,3
BRDA:117,2,0,2
BRDA:119,3,0,1
BRDA:22,4,0,3
BRDA:27,5,0,3
BRDA:30,6,0,2
BRDA:35,7,0,0
BRDA:47,8,0,0
BRDA:51,9,0,2
BRDA:56,10,0,3
BRDA:61,11,0,1
BRDA:66,12,0,2
BRDA:67,13,0,0
BRDA:68,14,0,0
BRDA:70,15,0,0
BRDA:83,16,0,0
BRDA:111,17,0,4
BRDA:112,18,0,0
BRDA:147,19,0,2
BRDA:163,20,0,0
BRDA:170,21,0,0
BRDA:172,22,0,0
BRDA:181,23,0,0
BRF:24
BRH:13
end_of_record
TN:
SF:src\components\books\CreateBookComponent.tsx
FN:29,CreateBookComponent
FN:65,handleSubmit
FN:105,resetForm
FN:124,onClick
FN:164,onChange
FN:178,onChange
FN:212,onChange
FN:223,onChange
FN:235,onChange
FN:246,onChange
FNF:10
FNH:1
FNDA:12,CreateBookComponent
FNDA:0,handleSubmit
FNDA:0,resetForm
FNDA:0,onClick
FNDA:0,onChange
FNDA:0,onChange
FNDA:0,onChange
FNDA:0,onChange
FNDA:0,onChange
FNDA:0,onChange
DA:1,1
DA:2,1
DA:3,1
DA:4,1
DA:5,1
DA:13,1
DA:20,1
DA:21,1
DA:22,1
DA:23,1
DA:24,1
DA:25,1
DA:26,1
DA:27,1
DA:29,1
DA:30,12
DA:31,12
DA:32,12
DA:33,12
DA:34,12
DA:35,12
DA:36,12
DA:37,12
DA:38,12
DA:39,12
DA:40,12
DA:41,12
DA:44,12
DA:45,12
DA:46,12
DA:47,12
DA:48,12
DA:49,12
DA:50,12
DA:51,12
DA:52,12
DA:53,12
DA:54,12
DA:55,12
DA:56,12
DA:57,12
DA:58,12
DA:59,12
DA:60,12
DA:61,12
DA:62,12
DA:63,12
DA:65,12
DA:66,0
DA:67,0
DA:69,0
DA:70,0
DA:71,0
DA:72,0
DA:73,0
DA:74,0
DA:75,0
DA:76,0
DA:77,0
DA:78,0
DA:79,0
DA:81,0
DA:83,0
DA:84,0
DA:86,0
DA:87,0
DA:88,0
DA:89,0
DA:90,0
DA:93,0
DA:94,0
DA:95,0
DA:96,0
DA:97,0
DA:98,0
DA:99,0
DA:100,0
DA:101,0
DA:102,0
DA:103,0
DA:105,12
DA:106,0
DA:107,0
DA:108,0
DA:109,0
DA:110,0
DA:111,0
DA:112,0
DA:113,0
DA:114,0
DA:115,0
DA:116,0
DA:118,12
DA:119,12
DA:120,12
DA:121,12
DA:122,12
DA:123,12
DA:124,12
DA:126,12
DA:128,12
DA:129,12
DA:130,12
DA:132,12
DA:133,12
DA:134,12
DA:135,12
DA:137,12
DA:138,12
DA:140,12
DA:141,12
DA:143,12
DA:144,0
DA:145,0
DA:146,0
DA:148,0
DA:149,0
DA:152,12
DA:153,12
DA:154,12
DA:156,12
DA:157,12
DA:158,12
DA:159,12
DA:160,12
DA:161,12
DA:162,12
DA:163,12
DA:164,12
DA:165,12
DA:166,12
DA:167,12
DA:170,12
DA:171,12
DA:172,12
DA:173,12
DA:174,12
DA:175,12
DA:176,12
DA:177,12
DA:178,12
DA:179,12
DA:180,12
DA:181,12
DA:184,12
DA:185,12
DA:186,12
DA:187,12
DA:188,12
DA:189,12
DA:190,12
DA:191,12
DA:192,12
DA:193,12
DA:194,216
DA:195,216
DA:196,216
DA:197,12
DA:198,12
DA:199,12
DA:200,12
DA:203,12
DA:204,12
DA:205,12
DA:206,12
DA:207,12
DA:208,12
DA:209,12
DA:210,12
DA:211,12
DA:212,12
DA:213,12
DA:214,12
DA:217,12
DA:218,12
DA:219,12
DA:220,12
DA:221,12
DA:222,12
DA:223,12
DA:224,12
DA:225,12
DA:228,12
DA:229,12
DA:230,12
DA:231,12
DA:232,12
DA:233,12
DA:234,12
DA:235,12
DA:236,12
DA:237,12
DA:240,12
DA:241,12
DA:242,12
DA:243,12
DA:244,12
DA:245,12
DA:246,12
DA:247,12
DA:248,12
DA:249,12
DA:252,12
DA:253,12
DA:254,12
DA:255,12
DA:256,12
DA:257,12
DA:258,12
DA:260,12
DA:261,12
DA:264,12
DA:265,12
DA:266,12
DA:267,12
DA:268,12
DA:269,12
DA:270,12
DA:272,12
DA:273,12
DA:274,12
DA:275,12
DA:277,12
DA:278,12
DA:280,12
DA:281,12
DA:282,12
DA:283,12
DA:284,12
DA:285,12
DA:286,12
DA:287,12
DA:289,12
LF:233
LH:185
BRDA:29,0,0,12
BRDA:143,1,0,0
BRDA:282,2,0,0
BRDA:193,3,0,216
BRF:4
BRH:2
end_of_record
TN:
SF:src\components\books\EditBookComponent.tsx
FN:80,EditBookComponent
FN:110,fetchBookDetails
FN:145,fetchAllAuthors
FN:154,searchForAuthors
FN:173,handleAddExistingAuthor
FN:189,handleCreateNewAuthor
FN:235,handleRemoveAuthor
FN:251,handleSetPrimaryAuthor
FN:260,moveAuthor
FN:280,onSubmit
FN:334,onClick
FN:354,onError
FN:369,render
FN:397,render
FN:438,onClick
FN:503,onChange
FN:579,onClick
FN:593,onClick
FN:605,onClick
FN:617,onClick
FN:633,render
FN:647,render
FN:656,onChange
FN:673,render
FN:692,onClick
FNF:25
FNH:16
FNDA:57,EditBookComponent
FNDA:7,fetchBookDetails
FNDA:7,fetchAllAuthors
FNDA:0,searchForAuthors
FNDA:1,handleAddExistingAuthor
FNDA:1,handleCreateNewAuthor
FNDA:1,handleRemoveAuthor
FNDA:1,handleSetPrimaryAuthor
FNDA:0,moveAuthor
FNDA:1,onSubmit
FNDA:0,onClick
FNDA:0,onError
FNDA:24,render
FNDA:27,render
FNDA:0,onClick
FNDA:1,onChange
FNDA:1,onClick
FNDA:0,onClick
FNDA:0,onClick
FNDA:1,onClick
FNDA:24,render
FNDA:24,render
FNDA:0,onChange
FNDA:24,render
FNDA:0,onClick
DA:1,1
DA:2,1
DA:3,1
DA:4,1
DA:12,1
DA:22,1
DA:31,1
DA:32,1
DA:37,1
DA:38,1
DA:39,1
DA:40,1
DA:41,1
DA:50,1
DA:51,1
DA:52,1
DA:53,1
DA:54,1
DA:55,1
DA:58,1
DA:59,1
DA:60,1
DA:61,1
DA:62,1
DA:63,1
DA:64,1
DA:65,1
DA:66,1
DA:67,1
DA:68,1
DA:69,1
DA:70,1
DA:71,1
DA:72,1
DA:73,1
DA:74,1
DA:80,1
DA:81,57
DA:82,57
DA:83,57
DA:84,57
DA:85,57
DA:86,57
DA:87,57
DA:88,57
DA:89,57
DA:90,57
DA:91,57
DA:92,57
DA:95,57
DA:96,57
DA:97,57
DA:98,57
DA:99,57
DA:100,57
DA:101,57
DA:102,57
DA:103,57
DA:104,57
DA:105,57
DA:106,57
DA:108,57
DA:109,31
DA:110,7
DA:111,7
DA:112,7
DA:113,7
DA:116,6
DA:117,7
DA:118,7
DA:119,7
DA:120,7
DA:121,7
DA:122,7
DA:123,7
DA:126,7
DA:127,4
DA:128,4
DA:129,7
DA:130,1
DA:131,1
DA:132,1
DA:133,7
DA:134,7
DA:135,7
DA:136,7
DA:138,7
DA:139,7
DA:140,31
DA:141,24
DA:142,24
DA:143,57
DA:145,57
DA:146,7
DA:147,7
DA:148,7
DA:149,7
DA:150,0
DA:151,0
DA:152,7
DA:154,57
DA:155,0
DA:157,0
DA:158,0
DA:159,0
DA:160,0
DA:163,0
DA:164,0
DA:165,0
DA:166,0
DA:167,0
DA:168,0
DA:170,0
DA:171,0
DA:173,57
DA:175,1
DA:176,0
DA:177,0
DA:180,1
DA:181,1
DA:182,1
DA:184,1
DA:185,1
DA:186,1
DA:187,1
DA:189,57
DA:190,1
DA:191,0
DA:192,0
DA:194,1
DA:195,1
DA:198,1
DA:199,1
DA:200,1
DA:201,1
DA:203,1
DA:205,0
DA:206,1
DA:208,1
DA:209,1
DA:210,1
DA:213,1
DA:214,1
DA:215,1
DA:216,1
DA:219,1
DA:220,1
DA:221,1
DA:222,1
DA:225,1
DA:226,1
DA:227,1
DA:228,0
DA:229,0
DA:230,1
DA:231,1
DA:232,1
DA:233,1
DA:235,57
DA:236,1
DA:237,1
DA:238,1
DA:241,1
DA:242,1
DA:243,1
DA:244,1
DA:245,1
DA:246,1
DA:248,1
DA:249,1
DA:251,57
DA:252,1
DA:253,2
DA:254,2
DA:255,1
DA:257,1
DA:258,1
DA:260,57
DA:261,0
DA:262,0
DA:263,0
DA:264,0
DA:265,0
DA:266,0
DA:268,0
DA:269,0
DA:272,0
DA:273,0
DA:274,0
DA:275,0
DA:277,0
DA:278,0
DA:280,57
DA:281,1
DA:282,0
DA:283,0
DA:284,0
DA:286,1
DA:287,1
DA:290,1
DA:293,1
DA:294,1
DA:297,1
DA:298,1
DA:299,1
DA:300,1
DA:301,1
DA:303,1
DA:304,1
DA:305,1
DA:306,1
DA:308,1
DA:309,1
DA:310,1
DA:311,0
DA:312,0
DA:313,1
DA:314,1
DA:315,1
DA:316,1
DA:318,57
DA:319,20
DA:320,20
DA:321,20
DA:322,20
DA:323,20
DA:325,20
DA:327,37
DA:328,37
DA:329,37
DA:330,37
DA:331,37
DA:332,37
DA:333,37
DA:334,37
DA:336,37
DA:338,37
DA:339,37
DA:340,37
DA:342,37
DA:343,37
DA:344,37
DA:345,37
DA:346,37
DA:348,37
DA:349,37
DA:350,1
DA:351,1
DA:352,1
DA:353,1
DA:354,1
DA:355,0
DA:356,0
DA:357,0
DA:358,1
DA:360,36
DA:362,36
DA:364,57
DA:366,57
DA:367,57
DA:368,57
DA:369,57
DA:370,24
DA:371,24
DA:372,24
DA:373,24
DA:374,24
DA:375,24
DA:376,24
DA:377,24
DA:378,24
DA:380,24
DA:381,24
DA:382,24
DA:384,57
DA:385,57
DA:386,57
DA:388,57
DA:389,57
DA:390,57
DA:391,57
DA:392,57
DA:394,57
DA:395,57
DA:396,57
DA:397,57
DA:398,27
DA:399,27
DA:400,27
DA:401,27
DA:402,27
DA:403,27
DA:404,27
DA:406,57
DA:409,57
DA:410,57
DA:411,57
DA:412,57
DA:413,57
DA:414,57
DA:415,57
DA:416,57
DA:417,57
DA:418,57
DA:419,57
DA:421,57
DA:423,57
DA:424,57
DA:425,57
DA:426,57
DA:427,57
DA:428,57
DA:429,57
DA:430,57
DA:431,57
DA:432,57
DA:433,57
DA:435,57
DA:436,57
DA:437,57
DA:438,57
DA:439,0
DA:440,0
DA:441,0
DA:442,57
DA:443,57
DA:444,57
DA:445,57
DA:446,57
DA:447,57
DA:448,57
DA:449,57
DA:450,0
DA:451,0
DA:452,0
DA:453,0
DA:454,0
DA:457,0
DA:458,0
DA:459,0
DA:460,0
DA:461,0
DA:462,0
DA:463,0
DA:464,57
DA:465,57
DA:466,57
DA:467,57
DA:468,57
DA:469,57
DA:470,57
DA:472,57
DA:473,57
DA:474,57
DA:476,57
DA:477,57
DA:478,57
DA:479,57
DA:480,57
DA:481,57
DA:483,57
DA:485,57
DA:486,57
DA:487,57
DA:488,57
DA:489,57
DA:490,57
DA:492,57
DA:493,57
DA:495,57
DA:496,57
DA:497,57
DA:499,57
DA:500,57
DA:501,57
DA:502,57
DA:503,57
DA:504,1
DA:506,57
DA:507,57
DA:509,57
DA:510,57
DA:511,57
DA:513,57
DA:514,57
DA:515,57
DA:517,57
DA:518,57
DA:519,57
DA:520,57
DA:521,57
DA:522,57
DA:524,57
DA:525,1
DA:526,57
DA:528,57
DA:529,57
DA:530,57
DA:531,57
DA:532,57
DA:533,57
DA:536,57
DA:537,57
DA:538,29
DA:540,29
DA:542,8
DA:543,12
DA:544,12
DA:545,12
DA:547,12
DA:548,8
DA:549,4
DA:550,12
DA:552,12
DA:553,12
DA:554,12
DA:555,12
DA:556,12
DA:557,12
DA:558,12
DA:559,12
DA:560,12
DA:561,12
DA:562,12
DA:563,12
DA:564,12
DA:565,12
DA:566,8
DA:568,8
DA:570,12
DA:572,12
DA:573,12
DA:574,4
DA:575,4
DA:576,4
DA:577,4
DA:578,4
DA:579,4
DA:580,1
DA:582,4
DA:584,4
DA:585,4
DA:588,12
DA:589,12
DA:590,12
DA:591,12
DA:592,12
DA:593,12
DA:594,12
DA:595,12
DA:597,12
DA:598,12
DA:600,12
DA:601,12
DA:602,12
DA:603,12
DA:604,12
DA:605,12
DA:606,12
DA:607,12
DA:609,12
DA:610,12
DA:612,12
DA:613,12
DA:614,12
DA:615,12
DA:616,12
DA:617,12
DA:618,12
DA:620,12
DA:621,12
DA:622,12
DA:623,12
DA:624,8
DA:626,57
DA:627,57
DA:629,57
DA:630,57
DA:631,57
DA:632,57
DA:633,57
DA:634,24
DA:635,24
DA:636,24
DA:637,24
DA:638,24
DA:639,24
DA:640,24
DA:642,57
DA:644,57
DA:645,57
DA:646,57
DA:647,57
DA:648,24
DA:649,24
DA:650,24
DA:651,24
DA:652,24
DA:653,24
DA:654,24
DA:655,24
DA:656,24
DA:657,0
DA:658,0
DA:659,0
DA:660,0
DA:661,0
DA:662,24
DA:663,24
DA:664,24
DA:665,24
DA:667,57
DA:668,57
DA:670,57
DA:671,57
DA:672,57
DA:673,57
DA:674,24
DA:675,24
DA:676,24
DA:677,24
DA:678,24
DA:679,24
DA:680,24
DA:681,24
DA:682,24
DA:683,24
DA:684,24
DA:686,57
DA:688,57
DA:689,57
DA:690,57
DA:691,57
DA:692,57
DA:693,57
DA:694,57
DA:695,57
DA:697,57
DA:698,57
DA:699,57
DA:700,0
DA:701,57
DA:703,57
DA:704,57
DA:705,57
DA:706,57
DA:707,57
DA:708,57
DA:709,57
DA:710,57
DA:712,57
LF:551
LH:486
BRDA:80,0,0,57
BRDA:318,1,0,20
BRDA:325,2,0,37
BRDA:349,3,0,1
BRDA:358,4,0,36
BRDA:522,5,0,36
BRDA:524,6,0,1
BRDA:537,7,0,29
BRDA:540,8,0,8
BRDA:699,9,0,0
BRDA:108,10,0,31
BRDA:109,11,0,7
BRDA:140,12,0,24
BRDA:110,13,0,7
BRDA:113,14,0,6
BRDA:117,15,0,0
BRDA:118,16,0,6
BRDA:118,17,0,3
BRDA:119,18,0,6
BRDA:119,19,0,3
BRDA:120,20,0,6
BRDA:120,21,0,6
BRDA:121,22,0,6
BRDA:121,23,0,3
BRDA:122,24,0,6
BRDA:122,25,0,5
BRDA:126,26,0,6
BRDA:126,27,0,5
BRDA:126,28,0,4
BRDA:129,29,0,1
BRDA:145,30,0,7
BRDA:149,31,0,0
BRDA:173,32,0,1
BRDA:175,33,0,0
BRDA:181,34,0,0
BRDA:189,35,0,1
BRDA:190,36,0,0
BRDA:203,37,0,0
BRDA:220,38,0,0
BRDA:227,39,0,0
BRDA:199,40,0,1
BRDA:235,41,0,1
BRDA:237,42,0,2
BRDA:243,43,0,1
BRDA:251,44,0,1
BRDA:252,45,0,2
BRDA:280,46,0,1
BRDA:281,47,0,0
BRDA:305,48,0,0
BRDA:310,49,0,0
BRDA:299,50,0,1
BRDA:369,51,0,24
BRDA:397,52,0,27
BRDA:503,53,0,1
BRDA:542,54,0,12
BRDA:547,55,0,8
BRDA:548,56,0,4
BRDA:565,57,0,8
BRDA:573,58,0,4
BRDA:579,59,0,1
BRDA:617,60,0,1
BRDA:633,61,0,24
BRDA:647,62,0,24
BRDA:655,63,0,17
BRDA:673,64,0,24
BRF:65
BRH:53
end_of_record
TN:
SF:src\components\books\PublicBooksComponent.tsx
FN:28,PublicBooksComponent
FN:37,fetchBooks
FN:75,handlePageChange
FN:80,handleSearchChange
FN:85,renderRating
FN:199,onClick
FN:227,onClick
FN:237,onClick
FNF:8
FNH:3
FNDA:3,PublicBooksComponent
FNDA:2,fetchBooks
FNDA:0,handlePageChange
FNDA:0,handleSearchChange
FNDA:2,renderRating
FNDA:0,onClick
FNDA:0,onClick
FNDA:0,onClick
DA:1,1
DA:2,1
DA:3,1
DA:11,1
DA:12,1
DA:13,1
DA:14,1
DA:15,1
DA:28,1
DA:29,3
DA:30,3
DA:31,3
DA:32,3
DA:33,3
DA:34,3
DA:36,3
DA:37,2
DA:38,2
DA:39,2
DA:40,2
DA:41,1
DA:42,2
DA:43,0
DA:44,0
DA:45,0
DA:46,2
DA:47,1
DA:48,1
DA:49,2
DA:51,2
DA:52,3
DA:54,3
DA:55,3
DA:56,3
DA:57,3
DA:59,0
DA:60,0
DA:61,0
DA:62,0
DA:63,0
DA:64,0
DA:65,3
DA:66,3
DA:67,3
DA:69,3
DA:70,3
DA:71,3
DA:72,3
DA:73,3
DA:75,3
DA:76,0
DA:77,0
DA:78,0
DA:80,3
DA:81,0
DA:82,0
DA:83,0
DA:85,3
DA:86,2
DA:87,2
DA:88,2
DA:89,2
DA:90,2
DA:92,2
DA:94,3
DA:95,2
DA:96,2
DA:97,2
DA:98,2
DA:99,2
DA:101,2
DA:103,3
DA:104,0
DA:105,0
DA:106,0
DA:107,0
DA:109,0
DA:110,0
DA:112,0
DA:114,1
DA:115,1
DA:116,1
DA:117,1
DA:118,1
DA:119,1
DA:120,1
DA:121,1
DA:122,1
DA:123,1
DA:124,1
DA:125,1
DA:126,1
DA:127,1
DA:129,1
DA:130,0
DA:131,0
DA:132,0
DA:134,0
DA:135,0
DA:137,1
DA:138,1
DA:139,1
DA:140,2
DA:141,2
DA:142,2
DA:144,2
DA:145,2
DA:146,2
DA:147,2
DA:148,2
DA:149,0
DA:151,2
DA:152,2
DA:153,2
DA:154,2
DA:155,2
DA:156,2
DA:157,2
DA:158,2
DA:159,2
DA:160,2
DA:161,2
DA:162,2
DA:163,2
DA:164,2
DA:165,2
DA:166,2
DA:167,2
DA:168,2
DA:169,2
DA:170,2
DA:171,2
DA:172,2
DA:173,2
DA:174,2
DA:175,2
DA:176,2
DA:177,2
DA:178,2
DA:179,2
DA:180,2
DA:181,2
DA:183,2
DA:184,2
DA:186,2
DA:187,2
DA:188,2
DA:189,2
DA:190,2
DA:191,1
DA:192,1
DA:195,1
DA:196,1
DA:197,1
DA:198,1
DA:199,1
DA:200,1
DA:201,1
DA:202,1
DA:204,1
DA:206,1
DA:208,1
DA:209,1
DA:211,1
DA:212,1
DA:214,0
DA:215,0
DA:217,0
DA:218,0
DA:220,0
DA:221,0
DA:223,1
DA:224,1
DA:225,1
DA:226,1
DA:227,1
DA:228,1
DA:230,1
DA:231,1
DA:233,1
DA:235,1
DA:236,1
DA:237,1
DA:238,1
DA:239,1
DA:240,1
DA:242,1
DA:243,1
DA:244,1
DA:245,1
DA:247,3
DA:249,3
LF:192
LH:158
BRDA:28,0,0,3
BRDA:94,1,0,2
BRDA:101,2,0,1
BRDA:103,3,0,0
BRDA:112,4,0,1
BRDA:129,5,0,0
BRDA:135,6,0,1
BRDA:238,7,0,0
BRDA:36,8,0,2
BRDA:37,9,0,2
BRDA:40,10,0,1
BRDA:42,11,0,0
BRDA:46,12,0,1
BRDA:55,13,0,3
BRDA:57,14,0,0
BRDA:69,15,0,3
BRDA:85,16,0,2
BRDA:86,17,0,0
BRDA:139,18,0,2
BRDA:148,19,0,0
BRDA:158,20,0,0
BRDA:166,21,0,0
BRDA:172,22,0,0
BRDA:206,23,0,1
BRDA:212,24,0,0
BRDA:226,25,0,0
BRF:26
BRH:14
end_of_record
TN:
SF:src\components\books\ReviewFormComponent.tsx
FN:24,ReviewFormComponent
FN:34,handleSubmit
FN:90,onChange
FN:102,onChange
FNF:4
FNH:4
FNDA:24,ReviewFormComponent
FNDA:3,handleSubmit
FNDA:5,onChange
FNDA:4,onChange
DA:2,1
DA:3,1
DA:10,1
DA:11,1
DA:12,1
DA:13,1
DA:14,1
DA:15,1
DA:16,1
DA:17,1
DA:24,1
DA:25,24
DA:26,24
DA:27,24
DA:28,24
DA:29,24
DA:30,24
DA:31,24
DA:32,24
DA:34,24
DA:35,3
DA:38,3
DA:39,1
DA:40,1
DA:41,1
DA:43,3
DA:44,0
DA:45,0
DA:48,2
DA:49,2
DA:50,2
DA:51,2
DA:52,2
DA:53,2
DA:54,2
DA:56,1
DA:57,1
DA:58,1
DA:59,1
DA:60,1
DA:61,1
DA:62,1
DA:63,3
DA:64,2
DA:65,2
DA:66,3
DA:68,24
DA:69,24
DA:70,24
DA:71,24
DA:72,24
DA:73,24
DA:74,24
DA:75,24
DA:76,24
DA:77,24
DA:78,24
DA:79,24
DA:80,24
DA:81,24
DA:82,24
DA:83,24
DA:85,24
DA:86,24
DA:87,24
DA:88,24
DA:89,24
DA:90,24
DA:91,24
DA:92,24
DA:93,24
DA:94,24
DA:95,24
DA:97,24
DA:98,24
DA:99,24
DA:100,24
DA:101,24
DA:102,24
DA:103,24
DA:104,24
DA:105,24
DA:106,24
DA:107,24
DA:108,24
DA:110,24
DA:111,24
DA:112,24
DA:113,24
DA:114,24
DA:115,22
DA:116,10
DA:117,4
DA:119,24
DA:121,24
DA:122,24
DA:123,24
DA:124,24
DA:125,24
DA:127,24
LF:100
LH:98
BRDA:24,0,0,24
BRDA:31,1,0,1
BRDA:31,2,0,23
BRDA:92,3,0,1
BRDA:114,4,0,22
BRDA:115,5,0,10
BRDA:116,6,0,4
BRDA:121,7,0,2
BRDA:121,8,0,22
BRDA:34,9,0,3
BRDA:38,10,0,1
BRDA:41,11,0,2
BRDA:43,12,0,0
BRDA:45,13,0,2
BRDA:54,14,0,1
BRDA:63,15,0,2
BRDA:90,16,0,5
BRDA:102,17,0,4
BRF:18
BRH:17
end_of_record
TN:
SF:src\components\books\ReviewListComponent.tsx
FN:16,ReviewListComponent
FN:29,fetchReviews
FN:43,handleDeleteReview
FN:121,onClick
FNF:4
FNH:2
FNDA:5,ReviewListComponent
FNDA:3,fetchReviews
FNDA:0,handleDeleteReview
FNDA:0,onClick
DA:1,1
DA:2,1
DA:3,1
DA:4,1
DA:5,1
DA:6,1
DA:7,1
DA:8,1
DA:9,1
DA:16,1
DA:17,5
DA:18,5
DA:19,5
DA:20,5
DA:21,5
DA:22,5
DA:23,5
DA:25,5
DA:26,3
DA:27,5
DA:29,5
DA:30,3
DA:31,3
DA:32,3
DA:33,2
DA:34,2
DA:35,3
DA:36,0
DA:37,0
DA:38,3
DA:39,2
DA:40,2
DA:41,3
DA:43,5
DA:44,0
DA:45,0
DA:46,0
DA:47,0
DA:48,0
DA:49,0
DA:50,0
DA:51,0
DA:52,0
DA:53,0
DA:54,0
DA:55,0
DA:57,5
DA:58,3
DA:59,3
DA:61,5
DA:62,0
DA:63,0
DA:64,0
DA:65,0
DA:66,0
DA:68,0
DA:70,5
DA:71,1
DA:72,1
DA:73,1
DA:74,1
DA:75,1
DA:77,1
DA:79,1
DA:80,1
DA:81,1
DA:82,5
DA:83,5
DA:85,5
DA:86,2
DA:87,2
DA:88,2
DA:89,2
DA:90,2
DA:91,2
DA:92,2
DA:93,2
DA:94,2
DA:95,2
DA:97,2
DA:98,2
DA:100,2
DA:101,2
DA:102,2
DA:104,2
DA:105,2
DA:106,2
DA:107,2
DA:108,2
DA:109,2
DA:111,2
DA:113,2
DA:114,2
DA:116,2
DA:117,0
DA:118,0
DA:119,0
DA:120,0
DA:121,0
DA:123,0
DA:125,0
DA:127,2
DA:128,2
DA:129,2
DA:130,5
DA:131,5
DA:133,5
LF:107
LH:80
BRDA:16,0,0,5
BRDA:57,1,0,3
BRDA:59,2,0,2
BRDA:61,3,0,0
BRDA:68,4,0,2
BRDA:70,5,0,1
BRDA:82,6,0,0
BRDA:82,7,0,1
BRDA:25,8,0,3
BRDA:29,9,0,3
BRDA:32,10,0,2
BRDA:35,11,0,0
BRDA:38,12,0,2
BRDA:85,13,0,2
BRDA:116,14,0,0
BRDA:116,15,0,0
BRF:16
BRH:11
end_of_record
TN:
SF:src\components\books\UserCollectionComponent.tsx
FN:16,UserCollectionComponent
FN:25,fetchUserCollection
FN:41,handleRemoveFromCollection
FN:110,onClick
FNF:4
FNH:4
FNDA:18,UserCollectionComponent
FNDA:12,fetchUserCollection
FNDA:2,handleRemoveFromCollection
FNDA:2,onClick
DA:1,1
DA:2,1
DA:3,1
DA:11,1
DA:12,1
DA:13,1
DA:14,1
DA:16,1
DA:17,18
DA:18,18
DA:21,18
DA:22,12
DA:23,18
DA:25,18
DA:26,12
DA:27,12
DA:28,12
DA:31,11
DA:32,12
DA:33,1
DA:34,1
DA:35,1
DA:36,12
DA:37,12
DA:38,12
DA:39,12
DA:41,18
DA:42,2
DA:43,2
DA:45,1
DA:46,1
DA:47,1
DA:48,1
DA:49,1
DA:50,1
DA:51,2
DA:53,18
DA:54,12
DA:55,12
DA:57,12
[...]
DA:31,1
DA:32,1
DA:33,1
DA:34,1
DA:35,1
DA:36,1
DA:37,1
DA:38,1
DA:39,1
DA:40,1
DA:41,1
DA:42,1
DA:43,1
DA:44,1
DA:45,1
DA:46,1
DA:47,1
DA:48,1
DA:49,1
DA:50,1
DA:51,1
DA:52,1
DA:53,1
DA:54,1
DA:55,1
DA:56,1
DA:57,1
DA:58,1
DA:59,1
DA:60,1
DA:68,1
DA:69,1
DA:70,1
DA:71,1
DA:72,1
DA:73,1
DA:74,1
DA:75,1
DA:76,1
DA:77,1
DA:78,1
DA:80,1
DA:81,1
DA:82,4
DA:83,4
DA:84,4
DA:85,4
DA:86,4
DA:87,4
DA:88,4
DA:89,4
DA:90,4
DA:91,4
DA:92,4
DA:93,4
DA:94,4
DA:95,4
DA:96,4
DA:97,4
DA:98,4
DA:99,4
DA:100,4
DA:101,4
DA:102,4
DA:103,4
DA:104,4
DA:105,4
DA:106,4
DA:107,20
DA:108,20
DA:109,20
DA:110,20
DA:111,16
DA:112,4
DA:113,20
DA:114,20
DA:115,4
DA:116,4
DA:117,4
DA:118,4
DA:119,4
DA:120,4
DA:121,4
DA:122,4
DA:123,4
DA:124,4
DA:125,4
DA:126,4
DA:127,4
DA:128,4
DA:130,4
DA:131,4
DA:132,4
DA:133,4
DA:134,1
DA:135,1
DA:136,1
DA:138,1
LF:119
LH:119
BRDA:68,0,0,1
BRDA:81,1,0,4
BRDA:106,2,0,20
BRDA:110,3,0,16
BRDA:111,4,0,4
BRF:5
BRH:5
end_of_record
TN:
SF:src\components\shared\FooterComponent.tsx
FN:4,FooterComponent
FNF:1
FNH:1
FNDA:6,FooterComponent
DA:1,1
DA:2,1
DA:4,1
DA:5,6
DA:7,6
DA:8,6
DA:9,6
DA:10,6
DA:12,6
DA:13,6
DA:14,6
DA:15,6
DA:16,6
DA:17,6
DA:20,6
DA:21,6
DA:24,6
DA:25,6
DA:26,6
DA:27,6
DA:28,6
DA:29,6
DA:30,6
DA:31,6
DA:33,6
DA:34,6
DA:35,6
DA:36,6
DA:37,6
DA:38,6
DA:39,6
DA:41,6
DA:42,6
DA:43,6
DA:44,6
DA:45,6
DA:46,6
DA:47,6
DA:49,6
DA:50,6
DA:51,6
DA:52,6
DA:53,6
DA:54,6
DA:55,6
DA:57,6
DA:58,6
DA:59,6
DA:60,6
DA:63,6
DA:64,6
DA:65,6
DA:66,6
DA:67,6
DA:68,6
DA:69,6
DA:70,6
DA:72,6
DA:73,6
DA:74,6
DA:75,6
DA:76,6
DA:77,6
DA:78,6
DA:80,6
DA:81,6
DA:82,6
DA:83,6
DA:84,6
DA:85,6
DA:86,6
DA:88,6
DA:89,6
DA:90,6
DA:91,6
DA:92,6
DA:93,6
DA:94,6
DA:96,6
DA:97,6
DA:98,6
DA:99,6
DA:102,6
DA:103,6
DA:104,6
DA:105,6
DA:106,6
DA:107,6
DA:108,6
DA:109,6
DA:111,6
DA:112,6
DA:113,6
DA:114,6
DA:115,6
DA:116,6
DA:117,6
DA:119,6
DA:120,6
DA:121,6
DA:122,6
DA:123,6
DA:124,6
DA:125,6
DA:127,6
DA:128,6
DA:129,6
DA:130,6
DA:131,6
DA:132,6
DA:133,6
DA:135,6
DA:136,6
DA:137,6
DA:138,6
DA:139,6
DA:141,6
DA:142,6
DA:143,6
DA:144,6
DA:145,6
DA:146,6
DA:147,6
DA:148,6
DA:150,6
DA:151,6
DA:152,6
DA:153,6
DA:154,6
DA:157,6
DA:158,6
DA:159,6
DA:160,6
DA:161,6
DA:163,6
LF:135
LH:135
BRDA:4,0,0,6
BRF:1
BRH:1
end_of_record
TN:
SF:src\components\shared\HeaderComponent.tsx
FN:16,HeaderComponent
FN:22,handleLogout
FN:123,onClick
FNF:3
FNH:2
FNDA:4,HeaderComponent
FNDA:1,handleLogout
FNDA:0,onClick
DA:1,1
DA:2,1
DA:3,1
DA:11,1
DA:12,1
DA:13,1
DA:14,1
DA:16,1
DA:17,4
DA:18,4
DA:19,4
DA:20,4
DA:22,4
DA:23,1
DA:25,1
DA:26,1
DA:28,4
DA:29,4
DA:30,4
DA:31,4
DA:33,4
DA:34,4
DA:35,4
DA:36,4
DA:39,4
DA:40,4
DA:42,4
DA:43,4
DA:45,4
DA:46,4
DA:47,2
DA:48,2
DA:49,2
DA:50,2
DA:52,2
DA:54,4
DA:56,4
DA:57,4
DA:58,4
DA:59,4
DA:60,4
DA:62,4
DA:63,4
DA:66,4
DA:67,4
DA:68,2
DA:69,2
DA:70,2
DA:71,2
DA:72,2
DA:73,2
DA:74,2
DA:75,2
DA:76,2
DA:78,2
DA:79,2
DA:80,2
DA:81,2
DA:82,2
DA:83,2
DA:84,2
DA:85,2
DA:87,2
DA:88,2
DA:89,2
DA:90,2
DA:92,2
DA:93,2
DA:94,2
DA:95,2
DA:97,2
DA:98,2
DA:99,2
DA:100,2
DA:102,2
DA:103,2
DA:104,2
DA:105,2
DA:107,2
DA:108,2
DA:109,2
DA:110,2
DA:111,2
DA:112,2
DA:113,2
DA:114,2
DA:116,4
DA:119,4
DA:120,4
DA:121,4
DA:122,4
DA:123,4
DA:125,4
DA:126,0
DA:128,4
DA:130,4
DA:131,4
DA:134,4
DA:135,0
DA:136,0
DA:137,0
DA:138,0
DA:140,0
DA:141,0
DA:142,0
DA:143,0
DA:144,0
DA:146,0
DA:147,0
DA:148,0
DA:149,0
DA:150,0
DA:151,0
DA:153,0
DA:155,0
DA:156,0
DA:157,0
DA:158,0
DA:160,0
DA:161,0
DA:162,0
DA:163,0
DA:164,0
DA:166,0
DA:167,0
DA:168,0
DA:169,0
DA:170,0
DA:171,0
DA:172,0
DA:173,0
DA:174,0
DA:175,0
DA:176,0
DA:177,0
DA:178,0
DA:180,0
DA:181,0
DA:182,0
DA:183,0
DA:184,0
DA:186,0
DA:187,0
DA:188,0
DA:189,0
DA:190,0
DA:192,0
DA:193,0
DA:194,0
DA:195,0
DA:196,0
DA:198,0
DA:199,0
DA:201,0
DA:202,0
DA:203,0
DA:204,0
DA:205,0
DA:206,0
DA:207,0
DA:208,0
DA:210,0
DA:211,0
DA:212,0
DA:214,4
DA:215,4
DA:217,4
LF:167
LH:100
BRDA:16,0,0,4
BRDA:46,1,0,2
BRDA:67,2,0,2
BRDA:70,3,0,0
BRDA:105,4,0,2
BRDA:125,5,0,0
BRDA:134,6,0,0
BRDA:18,7,0,4
BRDA:22,8,0,1
BRF:9
BRH:6
end_of_record
TN:
SF:src\components\shared\MainLayout.tsx
FN:13,MainLayout
FNF:1
FNH:1
FNDA:4,MainLayout
DA:1,1
DA:3,1
DA:4,1
DA:5,1
DA:6,1
DA:7,1
DA:13,1
DA:14,4
DA:15,4
DA:16,4
DA:18,4
DA:19,4
DA:20,4
DA:23,4
DA:26,4
DA:28,4
DA:29,4
DA:30,4
DA:31,4
DA:32,4
DA:33,4
DA:34,4
DA:36,4
LF:23
LH:23
BRDA:13,0,0,4
BRDA:23,1,0,1
BRDA:26,2,0,3
BRDA:26,3,0,1
BRDA:14,4,0,4
BRF:5
BRH:5
end_of_record
TN:
SF:src\components\shared\NavigationComponent.tsx
FN:14,NavigationComponent
FNF:1
FNH:1
FNDA:4,NavigationComponent
DA:1,1
DA:2,1
DA:3,1
DA:4,1
DA:5,1
DA:14,1
DA:15,4
DA:16,4
DA:17,4
DA:18,4
DA:20,4
DA:21,4
DA:22,4
DA:23,4
DA:24,4
DA:25,4
DA:26,4
DA:27,4
DA:28,4
DA:29,4
DA:30,4
DA:31,4
DA:32,4
DA:33,4
DA:34,4
DA:35,4
DA:36,4
DA:37,4
DA:38,4
DA:39,4
DA:40,4
DA:41,4
DA:42,4
DA:43,4
DA:44,4
DA:45,4
DA:46,4
DA:47,4
DA:48,4
DA:49,4
DA:50,4
DA:51,4
DA:54,4
DA:55,2
DA:57,2
DA:58,2
DA:59,10
DA:60,10
DA:61,10
DA:62,10
DA:63,2
DA:64,2
DA:65,4
DA:68,4
DA:69,4
DA:70,0
DA:71,0
DA:72,0
DA:73,0
DA:74,0
DA:75,0
DA:76,0
DA:77,0
DA:78,0
DA:79,0
DA:80,4
DA:84,4
DA:85,2
DA:86,2
DA:88,2
DA:89,2
DA:90,2
DA:92,2
DA:93,2
DA:94,2
DA:95,2
DA:96,10
DA:97,10
DA:98,10
DA:99,10
DA:100,10
DA:103,10
DA:104,0
DA:105,10
DA:106,10
DA:108,10
DA:109,0
DA:110,10
DA:111,10
DA:114,10
DA:115,10
DA:116,10
DA:118,2
DA:119,2
DA:120,2
DA:121,2
DA:122,2
DA:123,2
DA:125,2
LF:99
LH:87
BRDA:14,0,0,4
BRDA:17,1,0,2
BRDA:84,2,0,2
BRDA:84,3,0,0
BRDA:84,4,0,2
BRDA:15,5,0,6
BRDA:54,6,0,2
BRDA:57,7,0,2
BRDA:58,8,0,10
BRDA:68,9,0,4
BRDA:69,10,0,0
BRDA:69,11,0,0
BRDA:95,12,0,10
BRDA:103,13,0,0
BRDA:108,14,0,0
BRF:15
BRH:10
end_of_record
TN:
SF:src\lib\navigation.ts
FN:6,registerNavigate
FN:10,appNavigate
FNF:2
FNH:0
FNDA:0,registerNavigate
FNDA:0,appNavigate
DA:4,1
DA:6,1
DA:7,0
DA:8,0
DA:10,1
DA:11,0
DA:12,0
DA:13,0
DA:14,0
DA:15,0
DA:16,0
DA:17,0
DA:18,0
DA:19,0
DA:21,1
LF:15
LH:4
BRF:0
BRH:0
end_of_record
TN:
SF:src\lib\utils.ts
FN:4,cn
FNF:1
FNH:1
FNDA:6697,cn
DA:1,1
DA:2,1
DA:4,1
DA:5,6697
DA:6,6697
LF:5
LH:5
BRDA:4,0,0,6697
BRF:1
BRH:1
end_of_record
TN:
SF:src\services\adminService.ts
FN:116,getAllUsers
FN:121,getUserById
FN:128,createUser
FN:136,updateUser
FN:147,deleteUser
FN:154,changeUserPassword
FN:166,getAllBooks
FN:171,getBookById
FN:176,createBook
FN:184,createBookByIsbn
FN:192,updateBook
FN:203,deleteBook
FN:211,getAllAuthors
FN:216,getAuthorById
FN:225,createAuthor
FN:233,updateAuthor
FN:244,deleteAuthor
FN:252,getAllReviews
FN:257,getBookReviews
FN:264,updateReview
FN:275,deleteReview
FNF:21
FNH:21
FNDA:7,getAllUsers
FNDA:1,getUserById
FNDA:1,createUser
FNDA:1,updateUser
FNDA:1,deleteUser
FNDA:1,changeUserPassword
FNDA:7,getAllBooks
FNDA:1,getBookById
FNDA:1,createBook
FNDA:1,createBookByIsbn
FNDA:1,updateBook
FNDA:1,deleteBook
FNDA:7,getAllAuthors
FNDA:1,getAuthorById
FNDA:1,createAuthor
FNDA:1,updateAuthor
FNDA:1,deleteAuthor
FNDA:7,getAllReviews
FNDA:1,getBookReviews
FNDA:1,updateReview
FNDA:1,deleteReview
DA:1,1
DA:114,1
DA:116,1
DA:117,7
DA:118,7
DA:119,7
DA:121,1
DA:122,1
DA:123,1
DA:124,1
DA:125,1
DA:126,1
DA:128,1
DA:129,1
DA:130,1
DA:131,1
DA:132,1
DA:133,1
DA:134,1
DA:136,1
DA:137,1
DA:138,1
DA:139,1
DA:140,1
DA:141,1
DA:142,1
DA:143,1
DA:144,1
DA:145,1
DA:147,1
DA:148,1
DA:149,1
DA:150,1
DA:151,1
DA:152,1
DA:154,1
DA:155,1
DA:156,1
DA:157,1
DA:158,1
DA:159,1
DA:160,1
DA:161,1
DA:162,1
DA:163,1
DA:166,1
DA:167,7
DA:168,7
DA:169,7
DA:171,1
DA:172,1
DA:173,1
DA:174,1
DA:176,1
DA:177,1
DA:178,1
DA:179,1
DA:180,1
DA:181,1
DA:182,1
DA:184,1
DA:185,1
DA:186,1
DA:187,1
DA:188,1
DA:189,1
DA:190,1
DA:192,1
DA:193,1
DA:194,1
DA:195,1
DA:196,1
DA:197,1
DA:198,1
DA:199,1
DA:200,1
DA:201,1
DA:203,1
DA:204,1
DA:205,1
DA:206,1
DA:207,1
DA:208,1
DA:211,1
DA:212,7
DA:213,7
DA:214,7
DA:216,1
DA:217,1
DA:218,1
DA:219,1
DA:220,1
DA:221,1
DA:222,1
DA:223,1
DA:225,1
DA:226,1
DA:227,1
DA:228,1
DA:229,1
DA:230,1
DA:231,1
DA:233,1
DA:234,1
DA:235,1
DA:236,1
DA:237,1
DA:238,1
DA:239,1
DA:240,1
DA:241,1
DA:242,1
DA:244,1
DA:245,1
DA:246,1
DA:247,1
DA:248,1
DA:249,1
DA:252,1
DA:253,7
DA:254,7
DA:255,7
DA:257,1
DA:258,1
DA:259,1
DA:260,1
DA:261,1
DA:262,1
DA:264,1
DA:265,1
DA:266,1
DA:267,1
DA:268,1
DA:269,1
DA:270,1
DA:271,1
DA:272,1
DA:273,1
DA:275,1
DA:276,1
DA:277,1
DA:278,1
DA:280,1
LF:143
LH:143
BRDA:116,0,0,7
BRDA:121,1,0,1
BRDA:128,2,0,1
BRDA:136,3,0,1
BRDA:147,4,0,1
BRDA:154,5,0,1
BRDA:166,6,0,7
BRDA:171,7,0,1
BRDA:176,8,0,1
BRDA:184,9,0,1
BRDA:192,10,0,1
BRDA:203,11,0,1
BRDA:211,12,0,7
BRDA:216,13,0,1
BRDA:225,14,0,1
BRDA:233,15,0,1
BRDA:244,16,0,1
BRDA:252,17,0,7
BRDA:257,18,0,1
BRDA:264,19,0,1
BRDA:275,20,0,1
BRF:21
BRH:21
end_of_record
TN:
SF:src\services\api.ts
FN:28,api.interceptors.response.use.status.status
FNF:1
FNH:0
FNDA:0,api.interceptors.response.use.status.status
DA:1,1
DA:2,1
DA:5,1
DA:7,1
DA:8,1
DA:9,1
DA:10,1
DA:11,1
DA:12,1
DA:15,1
DA:16,1
DA:17,0
DA:18,0
DA:19,0
DA:20,0
DA:21,0
DA:22,0
DA:23,1
DA:24,1
DA:27,1
DA:28,1
DA:29,1
DA:31,0
DA:32,0
DA:35,0
DA:36,0
DA:37,0
DA:39,0
DA:40,0
DA:41,0
DA:42,0
DA:43,0
DA:44,1
DA:46,1
LF:34
LH:18
BRF:0
BRH:0
end_of_record
TN:
SF:src\services\authService.ts
FN:43,login
FN:55,signup
FN:67,requestPasswordReset
FN:76,resetPassword
FN:91,changePassword
FN:106,verifyEmail
FN:114,resendVerification
FN:123,updateProfile
FN:138,deleteAccount
FN:154,logout
FN:162,isAuthenticated
FN:167,getCurrentUser
FNF:12
FNH:12
FNDA:1,login
FNDA:1,signup
FNDA:1,requestPasswordReset
FNDA:1,resetPassword
FNDA:1,changePassword
FNDA:1,verifyEmail
FNDA:1,resendVerification
FNDA:1,updateProfile
FNDA:1,deleteAccount
FNDA:1,logout
FNDA:2,isAuthenticated
FNDA:6,getCurrentUser
DA:1,1
DA:2,1
DA:36,1
DA:37,1
DA:38,1
DA:41,1
DA:43,1
DA:44,1
DA:45,1
DA:46,1
DA:47,1
DA:49,1
DA:50,1
DA:51,1
DA:52,1
DA:55,1
DA:56,1
DA:57,1
DA:58,1
DA:61,1
DA:63,1
DA:64,1
DA:67,1
DA:68,1
DA:69,1
DA:70,1
DA:71,1
DA:72,1
DA:73,1
DA:76,1
DA:77,1
DA:78,1
DA:79,1
DA:80,1
DA:81,1
DA:82,1
DA:83,1
DA:84,1
DA:85,1
DA:86,1
DA:87,1
DA:88,1
DA:91,1
DA:92,1
DA:93,1
DA:94,1
DA:95,1
DA:96,1
DA:97,1
DA:98,1
DA:99,1
DA:100,1
DA:101,1
DA:102,1
DA:103,1
DA:106,1
DA:107,1
DA:108,1
DA:109,1
DA:110,1
DA:111,1
DA:114,1
DA:115,1
DA:116,1
DA:117,1
DA:118,1
DA:119,1
DA:120,1
DA:123,1
DA:124,1
DA:125,1
DA:126,1
DA:127,1
DA:130,1
DA:131,1
DA:132,1
DA:134,1
DA:135,1
DA:138,1
DA:139,1
DA:140,1
DA:141,1
DA:142,1
DA:143,1
DA:144,1
DA:147,1
DA:148,1
DA:150,1
DA:151,1
DA:154,1
DA:155,1
DA:156,1
DA:158,1
DA:159,1
DA:162,1
DA:163,2
DA:164,2
DA:167,1
DA:172,6
DA:173,6
DA:174,6
DA:175,1
DA:176,1
DA:177,5
DA:178,6
DA:179,1
DA:181,1
LF:107
LH:107
BRDA:36,0,0,15
BRDA:43,1,0,1
BRDA:55,2,0,1
BRDA:67,3,0,1
BRDA:76,4,0,1
BRDA:91,5,0,1
BRDA:106,6,0,1
BRDA:114,7,0,1
BRDA:123,8,0,1
BRDA:138,9,0,1
BRDA:154,10,0,1
BRDA:162,11,0,2
BRDA:167,12,0,6
BRDA:174,13,0,5
BRDA:174,14,0,1
BRF:15
BRH:15
end_of_record
TN:
SF:src\services\authorService.ts
FN:41,getAuthors
FN:54,getAuthorById
FN:70,getAuthorByName
FN:88,getAuthorInfo
FN:106,createAuthor
FN:119,updateAuthor
FN:132,deleteAuthor
FN:144,addBookToAuthor
FN:167,removeBookFromAuthor
FNF:9
FNH:9
FNDA:8,getAuthors
FNDA:2,getAuthorById
FNDA:2,getAuthorByName
FNDA:2,getAuthorInfo
FNDA:2,createAuthor
FNDA:2,updateAuthor
FNDA:2,deleteAuthor
FNDA:3,addBookToAuthor
FNDA:2,removeBookFromAuthor
DA:1,1
DA:37,1
DA:41,1
DA:42,8
DA:43,8
DA:44,7
DA:45,7
DA:46,1
DA:47,1
DA:48,1
DA:49,8
DA:54,1
DA:55,2
DA:56,2
DA:57,1
DA:58,1
DA:59,1
DA:60,1
DA:61,1
DA:62,1
DA:63,1
DA:64,1
DA:65,2
DA:70,1
DA:71,2
DA:72,2
DA:73,2
DA:74,2
DA:75,1
DA:76,1
DA:77,1
DA:78,1
DA:79,1
DA:80,1
DA:81,1
DA:82,1
DA:83,2
DA:88,1
DA:89,2
DA:90,2
DA:91,2
DA:92,2
DA:93,1
DA:94,1
DA:95,1
DA:96,1
DA:97,1
DA:98,1
DA:99,1
DA:100,1
DA:101,2
DA:106,1
DA:107,2
DA:108,2
DA:109,1
DA:110,1
DA:111,1
DA:112,1
DA:113,1
DA:114,2
DA:119,1
DA:120,2
DA:121,2
DA:122,1
DA:123,1
DA:124,1
DA:125,1
DA:126,1
DA:127,2
DA:132,1
DA:133,2
DA:134,2
DA:135,1
DA:136,1
DA:137,1
DA:138,1
DA:139,2
DA:144,1
DA:145,3
DA:146,3
DA:147,3
DA:148,3
DA:149,3
DA:150,3
DA:151,3
DA:152,3
DA:153,3
DA:154,3
DA:155,3
DA:156,1
DA:157,1
DA:158,1
DA:159,1
DA:160,1
DA:161,1
DA:162,3
DA:167,1
DA:168,2
DA:169,2
DA:170,2
DA:171,2
DA:172,2
DA:173,1
DA:174,1
DA:175,1
DA:176,1
DA:177,1
DA:178,1
DA:179,1
DA:180,2
DA:181,1
DA:183,1
LF:112
LH:112
BRDA:41,0,0,8
BRDA:43,1,0,7
BRDA:45,2,0,1
BRDA:54,3,0,2
BRDA:56,4,0,1
BRDA:70,5,0,2
BRDA:74,6,0,1
BRDA:88,7,0,2
BRDA:92,8,0,1
BRDA:106,9,0,2
BRDA:108,10,0,1
BRDA:119,11,0,2
BRDA:121,12,0,1
BRDA:132,13,0,2
BRDA:134,14,0,1
BRDA:144,15,0,3
BRDA:154,16,0,2
BRDA:155,17,0,1
BRDA:167,18,0,2
BRDA:172,19,0,1
BRF:20
BRH:20
end_of_record
TN:
SF:src\services\bookService.ts
FN:65,getAllBooks
FN:71,getBookById
FN:82,checkBookExists
FN:129,createBook
FN:146,updateBook
FN:163,deleteBook
FN:174,searchBooks
FN:187,searchOpenLibrary
FN:200,addBookFromOpenLibrary
FN:206,safeProcess
FN:259,getUserCollection
FN:272,addToUserCollection
FN:283,removeFromUserCollection
FN:294,isBookInUserCollection
FNF:14
FNH:14
FNDA:8,getAllBooks
FNDA:2,getBookById
FNDA:5,checkBookExists
FNDA:3,createBook
FNDA:2,updateBook
FNDA:2,deleteBook
FNDA:2,searchBooks
FNDA:1,searchOpenLibrary
FNDA:6,addBookFromOpenLibrary
FNDA:10,safeProcess
FNDA:14,getUserCollection
FNDA:2,addToUserCollection
FNDA:2,removeFromUserCollection
FNDA:3,isBookInUserCollection
DA:1,1
DA:63,1
DA:65,1
DA:66,8
DA:67,8
DA:68,8
DA:71,1
DA:72,2
DA:73,2
DA:74,1
DA:75,1
DA:76,1
DA:77,1
DA:78,1
DA:79,2
DA:82,1
DA:83,5
DA:84,5
DA:86,5
DA:88,1
DA:89,1
DA:90,1
DA:91,1
DA:92,5
DA:94,3
DA:96,1
DA:98,1
DA:99,1
DA:100,1
DA:102,1
DA:103,1
DA:104,1
DA:105,1
DA:107,0
DA:108,0
DA:109,0
DA:110,0
DA:111,1
DA:112,3
DA:114,2
DA:115,2
DA:116,2
DA:117,2
DA:118,2
DA:119,2
DA:120,2
DA:121,3
DA:122,5
DA:123,1
DA:124,1
DA:125,1
DA:126,5
DA:129,1
DA:130,3
DA:131,3
DA:132,3
DA:133,3
DA:134,3
DA:135,3
DA:136,3
DA:137,3
DA:138,2
DA:139,3
DA:140,1
DA:141,1
DA:142,1
DA:143,3
DA:146,1
DA:147,2
DA:148,2
DA:149,2
DA:150,2
DA:151,2
DA:152,2
DA:153,2
DA:154,2
DA:155,1
DA:156,1
DA:157,1
DA:158,1
DA:159,1
DA:160,2
DA:163,1
DA:164,2
DA:165,2
DA:166,1
DA:167,1
DA:168,1
DA:169,1
DA:170,1
DA:171,2
DA:174,1
DA:175,2
DA:176,2
DA:177,2
DA:178,2
DA:179,2
DA:180,2
DA:181,1
DA:182,1
DA:183,1
DA:184,2
DA:187,1
DA:188,1
DA:189,1
DA:190,1
DA:191,1
DA:192,1
DA:193,1
DA:194,1
DA:195,1
DA:196,1
DA:197,1
DA:200,1
DA:201,6
DA:202,6
DA:203,6
DA:204,6
DA:206,6
DA:207,10
DA:208,10
DA:209,10
DA:210,2
DA:212,2
DA:213,2
DA:214,1
DA:215,1
DA:216,2
DA:217,0
DA:218,0
DA:219,2
DA:220,0
DA:221,10
DA:224,6
DA:227,6
DA:228,1
DA:229,5
DA:230,4
DA:231,1
DA:234,6
DA:237,6
DA:238,6
DA:239,6
DA:240,6
DA:241,6
DA:242,6
DA:243,6
DA:244,6
DA:245,6
DA:246,6
DA:248,6
DA:249,5
DA:250,6
DA:251,1
DA:252,1
DA:253,1
DA:254,6
DA:259,1
DA:260,14
DA:261,14
DA:262,14
DA:263,14
DA:264,14
DA:265,14
DA:266,1
DA:267,1
DA:268,1
DA:269,14
DA:272,1
DA:273,2
DA:274,2
DA:275,1
DA:276,1
DA:277,1
DA:278,1
DA:279,1
DA:280,2
DA:283,1
DA:284,2
DA:285,2
DA:286,1
DA:287,1
DA:288,1
DA:289,1
DA:290,1
DA:291,2
DA:294,1
DA:295,3
DA:296,3
DA:297,2
DA:298,3
DA:299,1
DA:300,1
DA:301,1
DA:302,3
DA:303,1
DA:305,1
LF:197
LH:190
BRDA:65,0,0,8
BRDA:67,1,0,7
BRDA:71,2,0,2
BRDA:73,3,0,1
BRDA:82,4,0,5
BRDA:84,5,0,4
BRDA:86,6,0,1
BRDA:92,7,0,3
BRDA:94,8,0,1
BRDA:94,9,0,1
BRDA:112,10,0,2
BRDA:122,11,0,1
BRDA:89,12,0,1
BRDA:99,13,0,1
BRDA:105,14,0,0
BRDA:104,15,0,1
BRDA:115,16,0,2
BRDA:129,17,0,3
BRDA:137,18,0,2
BRDA:139,19,0,1
BRDA:146,20,0,2
BRDA:154,21,0,1
BRDA:163,22,0,2
BRDA:165,23,0,1
BRDA:174,24,0,2
BRDA:178,25,0,1
BRDA:179,26,0,0
BRDA:180,27,0,1
BRDA:187,28,0,1
BRDA:200,29,0,6
BRDA:227,30,0,1
BRDA:228,31,0,5
BRDA:229,32,0,4
BRDA:230,33,0,1
BRDA:242,34,0,5
BRDA:248,35,0,5
BRDA:250,36,0,1
BRDA:206,37,0,10
BRDA:207,38,0,3
BRDA:207,39,0,7
BRDA:208,40,0,0
BRDA:208,41,0,7
BRDA:209,42,0,5
BRDA:209,43,0,2
BRDA:212,44,0,1
BRDA:213,45,0,1
BRDA:216,46,0,0
BRDA:219,47,0,0
BRDA:228,48,0,2
BRDA:234,49,0,7
BRDA:259,50,0,14
BRDA:263,51,0,13
BRDA:264,52,0,12
BRDA:265,53,0,1
BRDA:272,54,0,2
BRDA:274,55,0,1
BRDA:283,56,0,2
BRDA:285,57,0,1
BRDA:294,58,0,3
BRDA:296,59,0,2
BRDA:298,60,0,1
BRDA:297,61,0,2
BRF:62
BRH:57
end_of_record
TN:
SF:src\services\reviewService.ts
FN:18,getBookReviews
FN:31,createReview
FN:48,updateReview
FN:65,deleteReview
FNF:4
FNH:4
FNDA:2,getBookReviews
FNDA:2,createReview
FNDA:2,updateReview
FNDA:2,deleteReview
DA:2,1
DA:16,1
DA:18,1
DA:19,2
DA:20,2
DA:21,2
DA:22,2
DA:23,1
DA:24,1
DA:25,1
DA:26,1
DA:27,1
DA:28,2
DA:31,1
DA:32,2
DA:33,2
DA:34,2
DA:35,2
DA:36,2
DA:37,2
DA:38,2
DA:39,2
DA:40,1
DA:41,1
DA:42,1
DA:43,1
DA:44,1
DA:45,2
DA:48,1
DA:49,2
DA:50,2
DA:51,2
DA:52,2
DA:53,2
DA:54,2
DA:55,2
DA:56,2
DA:57,1
DA:58,1
DA:59,1
DA:60,1
DA:61,1
DA:62,2
DA:65,1
DA:66,2
DA:67,2
DA:68,1
DA:69,1
DA:70,1
DA:71,1
DA:72,1
DA:73,2
DA:74,1
DA:76,1
LF:54
LH:54
BRDA:18,0,0,2
BRDA:22,1,0,1
BRDA:31,2,0,2
BRDA:39,3,0,1
BRDA:48,4,0,2
BRDA:56,5,0,1
BRDA:65,6,0,2
BRDA:67,7,0,1
BRF:8
BRH:8
end_of_record
TN:
SF:src\services\useAuth.ts
FN:5,useAuth
FN:13,handleStorageChange
FNF:2
FNH:2
FNDA:4,useAuth
FNDA:1,handleStorageChange
DA:2,1
DA:3,1
DA:5,1
DA:6,4
DA:7,4
DA:8,4
DA:9,4
DA:12,4
DA:13,3
DA:14,1
DA:15,1
DA:16,1
DA:18,3
DA:19,3
DA:20,3
DA:21,3
DA:22,4
DA:24,4
DA:25,4
DA:26,4
DA:27,4
DA:28,4
DA:29,4
DA:30,4
DA:31,4
DA:33,1
LF:26
LH:26
BRDA:5,0,0,4
BRDA:12,1,0,3
BRDA:13,2,0,1
BRDA:19,3,0,3
BRF:4
BRH:4
end_of_record
TN:
SF:src\store\hooks.ts
FN:5,useAppDispatch
FNF:1
FNH:1
FNDA:11,useAppDispatch
DA:1,1
DA:5,1
DA:6,1
LF:3
LH:3
BRDA:5,0,0,11
BRF:1
BRH:1
end_of_record
TN:
SF:src\store\index.ts
FN:9,middleware
FN:16,setupStore
FN:22,middleware
FNF:3
FNH:3
FNDA:3,middleware
FNDA:9,setupStore
FNDA:9,middleware
DA:1,1
DA:2,1
DA:4,1
DA:5,1
DA:6,1
DA:8,1
DA:9,1
DA:10,3
DA:11,3
DA:12,3
DA:13,1
DA:16,1
DA:17,9
DA:18,9
DA:19,9
DA:20,9
DA:21,9
DA:22,9
DA:23,9
DA:24,9
DA:25,9
DA:26,9
DA:27,9
LF:23
LH:23
BRDA:9,0,0,3
BRDA:16,1,0,9
BRDA:22,2,0,9
BRF:3
BRH:3
end_of_record
TN:
SF:src\store\slices\authSlice.ts
FN:157,resetAuthError
FN:160,setVerificationRequired
FN:164,extraReducers
FNF:3
FNH:3
FNDA:1,resetAuthError
FNDA:1,setVerificationRequired
FNDA:4,extraReducers
DA:1,1
DA:2,1
DA:38,1
DA:39,1
DA:41,1
DA:42,1
DA:43,1
DA:44,1
DA:45,1
DA:46,1
DA:47,1
DA:48,1
DA:49,1
DA:52,1
DA:53,1
DA:54,1
DA:55,0
DA:56,0
DA:57,0
DA:58,0
DA:59,0
DA:60,0
DA:61,0
DA:62,0
DA:63,1
DA:65,1
DA:66,1
DA:67,1
DA:68,0
DA:69,0
DA:70,0
DA:71,0
DA:72,0
DA:73,0
DA:74,0
DA:75,0
DA:76,1
DA:78,1
DA:79,0
DA:80,0
DA:81,0
DA:83,1
DA:84,1
DA:85,1
DA:86,0
DA:87,0
DA:88,0
DA:89,0
DA:90,0
DA:91,0
DA:92,0
DA:93,0
DA:94,0
DA:95,0
DA:96,1
DA:98,1
DA:99,1
DA:100,1
DA:101,0
DA:102,0
DA:103,0
DA:104,0
DA:105,0
DA:106,0
DA:107,0
DA:108,0
DA:109,0
DA:110,0
DA:111,0
DA:112,0
DA:113,0
DA:114,0
DA:115,0
DA:116,0
DA:117,0
DA:118,0
DA:119,0
DA:120,1
DA:122,1
DA:123,1
DA:124,1
DA:125,0
DA:126,0
DA:127,0
DA:128,0
DA:129,0
DA:130,0
DA:131,0
DA:132,0
DA:133,0
DA:134,0
DA:135,1
DA:137,1
DA:138,1
DA:139,1
DA:140,0
DA:141,0
DA:142,0
DA:143,0
DA:144,0
DA:145,0
DA:146,0
DA:147,0
DA:148,0
DA:149,0
DA:150,1
DA:153,1
DA:154,1
DA:155,1
DA:156,1
DA:157,1
DA:158,1
DA:159,1
DA:160,1
DA:161,1
DA:162,1
DA:163,1
DA:164,1
DA:166,4
DA:167,4
DA:168,1
DA:169,1
DA:170,4
DA:171,4
DA:172,4
DA:173,4
DA:174,1
DA:175,1
DA:176,1
DA:177,1
DA:178,1
DA:179,1
DA:180,4
DA:181,4
DA:182,1
DA:183,1
DA:184,4
DA:187,4
DA:188,1
DA:189,1
DA:190,4
DA:191,4
DA:192,1
DA:193,1
DA:194,1
DA:196,1
DA:197,4
DA:198,4
DA:199,1
DA:200,1
DA:201,4
DA:204,4
DA:205,1
DA:206,1
DA:207,1
DA:208,1
DA:209,4
DA:212,4
DA:213,1
DA:214,1
DA:215,4
DA:216,4
DA:217,1
DA:218,1
DA:219,1
DA:220,4
DA:221,4
DA:222,1
DA:223,1
DA:224,4
DA:227,4
DA:228,0
DA:229,0
DA:230,4
DA:231,4
DA:232,0
DA:233,4
DA:234,4
DA:235,0
DA:236,0
DA:237,4
DA:240,4
DA:241,0
DA:242,0
DA:243,4
DA:244,4
DA:245,4
DA:246,4
DA:247,1
DA:248,1
DA:249,1
DA:250,1
DA:251,4
DA:252,4
DA:253,0
DA:254,0
DA:255,4
DA:258,4
DA:259,0
DA:260,0
DA:261,4
DA:262,4
DA:263,1
DA:264,1
DA:265,1
DA:266,1
DA:267,4
DA:268,4
DA:269,0
DA:270,0
DA:271,4
DA:272,4
DA:273,1
DA:275,1
DA:277,1
LF:215
LH:134
BRDA:157,0,0,1
BRDA:160,1,0,1
BRDA:164,2,0,4
BRDA:167,3,0,1
BRDA:173,4,0,1
BRDA:181,5,0,1
BRDA:187,6,0,1
BRDA:191,7,0,1
BRDA:198,8,0,1
BRDA:204,9,0,1
BRDA:212,10,0,1
BRDA:216,11,0,1
BRDA:221,12,0,1
BRDA:246,13,0,1
BRDA:262,14,0,1
BRF:15
BRH:15
end_of_record
